{"C:\\Users\\DELL\\Documents\\tuwa\\tuwa\\server\\config\\supabase.js": {"path":"C:\\Users\\DELL\\Documents\\tuwa\\tuwa\\server\\config\\supabase.js","statementMap":{"0":{"start":{"line":4,"column":0},"end":{"line":4,"column":16}},"1":{"start":{"line":6,"column":21},"end":{"line":6,"column":53}},"2":{"start":{"line":7,"column":34},"end":{"line":7,"column":79}},"3":{"start":{"line":9,"column":21},"end":{"line":9,"column":25}},"4":{"start":{"line":11,"column":29},"end":{"line":12,"column":52}},"5":{"start":{"line":12,"column":2},"end":{"line":12,"column":52}},"6":{"start":{"line":14,"column":0},"end":{"line":30,"column":1}},"7":{"start":{"line":15,"column":2},"end":{"line":20,"column":5}},"8":{"start":{"line":21,"column":2},"end":{"line":21,"column":53}},"9":{"start":{"line":23,"column":18},"end":{"line":23,"column":20}},"10":{"start":{"line":24,"column":2},"end":{"line":24,"column":50}},"11":{"start":{"line":24,"column":21},"end":{"line":24,"column":50}},"12":{"start":{"line":25,"column":2},"end":{"line":25,"column":76}},"13":{"start":{"line":25,"column":34},"end":{"line":25,"column":76}},"14":{"start":{"line":26,"column":2},"end":{"line":29,"column":4}},"15":{"start":{"line":32,"column":29},"end":{"line":32,"column":43}}},"fnMap":{"0":{"name":"(anonymous_0)","decl":{"start":{"line":11,"column":29},"end":{"line":11,"column":30}},"loc":{"start":{"line":12,"column":2},"end":{"line":12,"column":52}},"line":12}},"branchMap":{"0":{"loc":{"start":{"line":12,"column":10},"end":{"line":12,"column":51}},"type":"binary-expr","locations":[{"start":{"line":12,"column":10},"end":{"line":12,"column":22}},{"start":{"line":12,"column":26},"end":{"line":12,"column":51}}],"line":12},"1":{"loc":{"start":{"line":14,"column":0},"end":{"line":30,"column":1}},"type":"if","locations":[{"start":{"line":14,"column":0},"end":{"line":30,"column":1}},{"start":{"line":22,"column":7},"end":{"line":30,"column":1}}],"line":14},"2":{"loc":{"start":{"line":24,"column":2},"end":{"line":24,"column":50}},"type":"if","locations":[{"start":{"line":24,"column":2},"end":{"line":24,"column":50}},{"start":{},"end":{}}],"line":24},"3":{"loc":{"start":{"line":25,"column":2},"end":{"line":25,"column":76}},"type":"if","locations":[{"start":{"line":25,"column":2},"end":{"line":25,"column":76}},{"start":{},"end":{}}],"line":25}},"s":{"0":1,"1":1,"2":1,"3":1,"4":1,"5":1,"6":1,"7":1,"8":1,"9":0,"10":0,"11":0,"12":0,"13":0,"14":0,"15":1},"f":{"0":1},"b":{"0":[1,1],"1":[1,0],"2":[0,0],"3":[0,0]},"_coverageSchema":"1a1c01bbd47fc00a2c39e90264f33305004495a9","hash":"26efc7f14d1d81c4bda22746a6af814eb48cb483"}
,"C:\\Users\\DELL\\Documents\\tuwa\\tuwa\\server\\modules\\inventory\\constants.js": {"path":"C:\\Users\\DELL\\Documents\\tuwa\\tuwa\\server\\modules\\inventory\\constants.js","statementMap":{"0":{"start":{"line":5,"column":31},"end":{"line":5,"column":76}},"1":{"start":{"line":7,"column":30},"end":{"line":15,"column":1}},"2":{"start":{"line":17,"column":30},"end":{"line":29,"column":1}},"3":{"start":{"line":31,"column":36},"end":{"line":31,"column":70}},"4":{"start":{"line":33,"column":34},"end":{"line":33,"column":98}},"5":{"start":{"line":35,"column":33},"end":{"line":35,"column":92}},"6":{"start":{"line":39,"column":43},"end":{"line":45,"column":1}},"7":{"start":{"line":47,"column":32},"end":{"line":47,"column":88}},"8":{"start":{"line":49,"column":42},"end":{"line":54,"column":1}},"9":{"start":{"line":56,"column":36},"end":{"line":56,"column":76}}},"fnMap":{},"branchMap":{},"s":{"0":5,"1":5,"2":5,"3":5,"4":5,"5":5,"6":5,"7":5,"8":5,"9":5},"f":{},"b":{},"_coverageSchema":"1a1c01bbd47fc00a2c39e90264f33305004495a9","hash":"43b4cb1a3064f7248e73376147e76da6e48c007e"}
,"C:\\Users\\DELL\\Documents\\tuwa\\tuwa\\server\\modules\\inventory\\utils.js": {"path":"C:\\Users\\DELL\\Documents\\tuwa\\tuwa\\server\\modules\\inventory\\utils.js","statementMap":{"0":{"start":{"line":1,"column":16},"end":{"line":1,"column":81}},"1":{"start":{"line":3,"column":25},"end":{"line":3,"column":75}},"2":{"start":{"line":3,"column":33},"end":{"line":3,"column":75}},"3":{"start":{"line":5,"column":24},"end":{"line":9,"column":1}},"4":{"start":{"line":6,"column":2},"end":{"line":6,"column":72}},"5":{"start":{"line":6,"column":61},"end":{"line":6,"column":72}},"6":{"start":{"line":7,"column":15},"end":{"line":7,"column":28}},"7":{"start":{"line":8,"column":2},"end":{"line":8,"column":44}},"8":{"start":{"line":11,"column":30},"end":{"line":11,"column":91}},"9":{"start":{"line":11,"column":42},"end":{"line":11,"column":90}},"10":{"start":{"line":17,"column":30},"end":{"line":34,"column":1}},"11":{"start":{"line":36,"column":33},"end":{"line":46,"column":1}},"12":{"start":{"line":37,"column":18},"end":{"line":37,"column":65}},"13":{"start":{"line":38,"column":16},"end":{"line":38,"column":89}},"14":{"start":{"line":38,"column":65},"end":{"line":38,"column":88}},"15":{"start":{"line":39,"column":2},"end":{"line":41,"column":3}},"16":{"start":{"line":40,"column":4},"end":{"line":40,"column":112}},"17":{"start":{"line":42,"column":2},"end":{"line":42,"column":93}},"18":{"start":{"line":42,"column":31},"end":{"line":42,"column":93}},"19":{"start":{"line":43,"column":2},"end":{"line":43,"column":100}},"20":{"start":{"line":43,"column":31},"end":{"line":43,"column":100}},"21":{"start":{"line":44,"column":2},"end":{"line":44,"column":106}},"22":{"start":{"line":44,"column":31},"end":{"line":44,"column":106}},"23":{"start":{"line":45,"column":2},"end":{"line":45,"column":34}},"24":{"start":{"line":48,"column":34},"end":{"line":51,"column":1}},"25":{"start":{"line":49,"column":30},"end":{"line":49,"column":54}},"26":{"start":{"line":50,"column":2},"end":{"line":50,"column":90}}},"fnMap":{"0":{"name":"(anonymous_0)","decl":{"start":{"line":3,"column":25},"end":{"line":3,"column":26}},"loc":{"start":{"line":3,"column":33},"end":{"line":3,"column":75}},"line":3},"1":{"name":"(anonymous_1)","decl":{"start":{"line":5,"column":24},"end":{"line":5,"column":25}},"loc":{"start":{"line":5,"column":35},"end":{"line":9,"column":1}},"line":5},"2":{"name":"(anonymous_2)","decl":{"start":{"line":11,"column":30},"end":{"line":11,"column":31}},"loc":{"start":{"line":11,"column":42},"end":{"line":11,"column":90}},"line":11},"3":{"name":"(anonymous_3)","decl":{"start":{"line":36,"column":33},"end":{"line":36,"column":34}},"loc":{"start":{"line":36,"column":44},"end":{"line":46,"column":1}},"line":36},"4":{"name":"(anonymous_4)","decl":{"start":{"line":38,"column":56},"end":{"line":38,"column":57}},"loc":{"start":{"line":38,"column":65},"end":{"line":38,"column":88}},"line":38},"5":{"name":"(anonymous_5)","decl":{"start":{"line":48,"column":34},"end":{"line":48,"column":35}},"loc":{"start":{"line":48,"column":67},"end":{"line":51,"column":1}},"line":48}},"branchMap":{"0":{"loc":{"start":{"line":3,"column":33},"end":{"line":3,"column":75}},"type":"binary-expr","locations":[{"start":{"line":3,"column":33},"end":{"line":3,"column":55}},{"start":{"line":3,"column":59},"end":{"line":3,"column":75}}],"line":3},"1":{"loc":{"start":{"line":6,"column":2},"end":{"line":6,"column":72}},"type":"if","locations":[{"start":{"line":6,"column":2},"end":{"line":6,"column":72}},{"start":{},"end":{}}],"line":6},"2":{"loc":{"start":{"line":6,"column":6},"end":{"line":6,"column":59}},"type":"binary-expr","locations":[{"start":{"line":6,"column":6},"end":{"line":6,"column":18}},{"start":{"line":6,"column":22},"end":{"line":6,"column":36}},{"start":{"line":6,"column":40},"end":{"line":6,"column":59}}],"line":6},"3":{"loc":{"start":{"line":8,"column":9},"end":{"line":8,"column":43}},"type":"cond-expr","locations":[{"start":{"line":8,"column":33},"end":{"line":8,"column":37}},{"start":{"line":8,"column":40},"end":{"line":8,"column":43}}],"line":8},"4":{"loc":{"start":{"line":11,"column":42},"end":{"line":11,"column":90}},"type":"cond-expr","locations":[{"start":{"line":11,"column":70},"end":{"line":11,"column":82}},{"start":{"line":11,"column":85},"end":{"line":11,"column":90}}],"line":11},"5":{"loc":{"start":{"line":37,"column":18},"end":{"line":37,"column":65}},"type":"binary-expr","locations":[{"start":{"line":37,"column":18},"end":{"line":37,"column":32}},{"start":{"line":37,"column":36},"end":{"line":37,"column":65}}],"line":37},"6":{"loc":{"start":{"line":39,"column":2},"end":{"line":41,"column":3}},"type":"if","locations":[{"start":{"line":39,"column":2},"end":{"line":41,"column":3}},{"start":{},"end":{}}],"line":39},"7":{"loc":{"start":{"line":40,"column":60},"end":{"line":40,"column":109}},"type":"binary-expr","locations":[{"start":{"line":40,"column":60},"end":{"line":40,"column":98}},{"start":{"line":40,"column":102},"end":{"line":40,"column":109}}],"line":40},"8":{"loc":{"start":{"line":42,"column":2},"end":{"line":42,"column":93}},"type":"if","locations":[{"start":{"line":42,"column":2},"end":{"line":42,"column":93}},{"start":{},"end":{}}],"line":42},"9":{"loc":{"start":{"line":43,"column":2},"end":{"line":43,"column":100}},"type":"if","locations":[{"start":{"line":43,"column":2},"end":{"line":43,"column":100}},{"start":{},"end":{}}],"line":43},"10":{"loc":{"start":{"line":44,"column":2},"end":{"line":44,"column":106}},"type":"if","locations":[{"start":{"line":44,"column":2},"end":{"line":44,"column":106}},{"start":{},"end":{}}],"line":44},"11":{"loc":{"start":{"line":50,"column":60},"end":{"line":50,"column":86}},"type":"binary-expr","locations":[{"start":{"line":50,"column":60},"end":{"line":50,"column":67}},{"start":{"line":50,"column":71},"end":{"line":50,"column":86}}],"line":50}},"s":{"0":6,"1":6,"2":67,"3":6,"4":37,"5":3,"6":34,"7":34,"8":6,"9":13,"10":6,"11":6,"12":20,"13":20,"14":198,"15":20,"16":16,"17":4,"18":1,"19":3,"20":1,"21":2,"22":1,"23":1,"24":6,"25":0,"26":0},"f":{"0":67,"1":37,"2":13,"3":20,"4":198,"5":0},"b":{"0":[67,64],"1":[3,34],"2":[37,36,35],"3":[29,5],"4":[7,6],"5":[20,0],"6":[16,4],"7":[16,0],"8":[1,3],"9":[1,2],"10":[1,1],"11":[0,0]},"_coverageSchema":"1a1c01bbd47fc00a2c39e90264f33305004495a9","hash":"02597460585d69289b3db2dd1af3ef1f90a6caeb"}
,"C:\\Users\\DELL\\Documents\\tuwa\\tuwa\\server\\modules\\inventory\\controllers\\inventoryController.js": {"path":"C:\\Users\\DELL\\Documents\\tuwa\\tuwa\\server\\modules\\inventory\\controllers\\inventoryController.js","statementMap":{"0":{"start":{"line":13,"column":16},"end":{"line":13,"column":38}},"1":{"start":{"line":13,"column":25},"end":{"line":13,"column":38}},"2":{"start":{"line":15,"column":14},"end":{"line":15,"column":107}},"3":{"start":{"line":15,"column":37},"end":{"line":15,"column":107}},"4":{"start":{"line":18,"column":30},"end":{"line":21,"column":1}},"5":{"start":{"line":19,"column":21},"end":{"line":19,"column":118}},"6":{"start":{"line":20,"column":2},"end":{"line":20,"column":42}},"7":{"start":{"line":23,"column":28},"end":{"line":28,"column":1}},"8":{"start":{"line":24,"column":2},"end":{"line":24,"column":67}},"9":{"start":{"line":24,"column":33},"end":{"line":24,"column":67}},"10":{"start":{"line":25,"column":20},"end":{"line":25,"column":70}},"11":{"start":{"line":26,"column":2},"end":{"line":26,"column":99}},"12":{"start":{"line":26,"column":18},"end":{"line":26,"column":99}},"13":{"start":{"line":27,"column":2},"end":{"line":27,"column":41}},"14":{"start":{"line":30,"column":31},"end":{"line":38,"column":1}},"15":{"start":{"line":31,"column":2},"end":{"line":37,"column":3}},"16":{"start":{"line":32,"column":19},"end":{"line":32,"column":67}},"17":{"start":{"line":33,"column":4},"end":{"line":33,"column":93}},"18":{"start":{"line":33,"column":22},"end":{"line":33,"column":93}},"19":{"start":{"line":34,"column":4},"end":{"line":34,"column":73}},"20":{"start":{"line":36,"column":4},"end":{"line":36,"column":66}},"21":{"start":{"line":40,"column":31},"end":{"line":50,"column":1}},"22":{"start":{"line":41,"column":2},"end":{"line":41,"column":67}},"23":{"start":{"line":41,"column":33},"end":{"line":41,"column":67}},"24":{"start":{"line":42,"column":2},"end":{"line":49,"column":3}},"25":{"start":{"line":43,"column":19},"end":{"line":43,"column":82}},"26":{"start":{"line":44,"column":4},"end":{"line":44,"column":93}},"27":{"start":{"line":44,"column":22},"end":{"line":44,"column":93}},"28":{"start":{"line":45,"column":4},"end":{"line":45,"column":106}},"29":{"start":{"line":45,"column":25},"end":{"line":45,"column":106}},"30":{"start":{"line":46,"column":4},"end":{"line":46,"column":61}},"31":{"start":{"line":48,"column":4},"end":{"line":48,"column":66}},"32":{"start":{"line":52,"column":35},"end":{"line":61,"column":1}},"33":{"start":{"line":53,"column":2},"end":{"line":53,"column":67}},"34":{"start":{"line":53,"column":33},"end":{"line":53,"column":67}},"35":{"start":{"line":54,"column":2},"end":{"line":60,"column":3}},"36":{"start":{"line":55,"column":19},"end":{"line":55,"column":76}},"37":{"start":{"line":56,"column":4},"end":{"line":56,"column":106}},"38":{"start":{"line":56,"column":25},"end":{"line":56,"column":106}},"39":{"start":{"line":57,"column":4},"end":{"line":57,"column":61}},"40":{"start":{"line":59,"column":4},"end":{"line":59,"column":71}},"41":{"start":{"line":64,"column":29},"end":{"line":72,"column":1}},"42":{"start":{"line":65,"column":57},"end":{"line":65,"column":66}},"43":{"start":{"line":66,"column":20},"end":{"line":70,"column":4}},"44":{"start":{"line":71,"column":2},"end":{"line":71,"column":41}},"45":{"start":{"line":74,"column":27},"end":{"line":79,"column":1}},"46":{"start":{"line":75,"column":2},"end":{"line":75,"column":66}},"47":{"start":{"line":75,"column":33},"end":{"line":75,"column":66}},"48":{"start":{"line":76,"column":19},"end":{"line":76,"column":67}},"49":{"start":{"line":77,"column":2},"end":{"line":77,"column":97}},"50":{"start":{"line":77,"column":17},"end":{"line":77,"column":97}},"51":{"start":{"line":78,"column":2},"end":{"line":78,"column":40}},"52":{"start":{"line":81,"column":30},"end":{"line":89,"column":1}},"53":{"start":{"line":82,"column":2},"end":{"line":88,"column":3}},"54":{"start":{"line":83,"column":19},"end":{"line":83,"column":65}},"55":{"start":{"line":84,"column":4},"end":{"line":84,"column":93}},"56":{"start":{"line":84,"column":22},"end":{"line":84,"column":93}},"57":{"start":{"line":85,"column":4},"end":{"line":85,"column":71}},"58":{"start":{"line":87,"column":4},"end":{"line":87,"column":65}},"59":{"start":{"line":91,"column":30},"end":{"line":101,"column":1}},"60":{"start":{"line":92,"column":2},"end":{"line":92,"column":66}},"61":{"start":{"line":92,"column":33},"end":{"line":92,"column":66}},"62":{"start":{"line":93,"column":2},"end":{"line":100,"column":3}},"63":{"start":{"line":94,"column":19},"end":{"line":94,"column":80}},"64":{"start":{"line":95,"column":4},"end":{"line":95,"column":93}},"65":{"start":{"line":95,"column":22},"end":{"line":95,"column":93}},"66":{"start":{"line":96,"column":4},"end":{"line":96,"column":105}},"67":{"start":{"line":96,"column":25},"end":{"line":96,"column":105}},"68":{"start":{"line":97,"column":4},"end":{"line":97,"column":59}},"69":{"start":{"line":99,"column":4},"end":{"line":99,"column":65}},"70":{"start":{"line":104,"column":27},"end":{"line":111,"column":1}},"71":{"start":{"line":105,"column":2},"end":{"line":110,"column":3}},"72":{"start":{"line":106,"column":21},"end":{"line":106,"column":53}},"73":{"start":{"line":107,"column":4},"end":{"line":107,"column":42}},"74":{"start":{"line":109,"column":4},"end":{"line":109,"column":73}},"75":{"start":{"line":113,"column":28},"end":{"line":121,"column":1}},"76":{"start":{"line":114,"column":2},"end":{"line":120,"column":3}},"77":{"start":{"line":115,"column":64},"end":{"line":115,"column":73}},"78":{"start":{"line":116,"column":32},"end":{"line":116,"column":116}},"79":{"start":{"line":117,"column":4},"end":{"line":117,"column":49}},"80":{"start":{"line":119,"column":4},"end":{"line":119,"column":69}},"81":{"start":{"line":123,"column":29},"end":{"line":133,"column":1}},"82":{"start":{"line":124,"column":2},"end":{"line":132,"column":3}},"83":{"start":{"line":125,"column":124},"end":{"line":125,"column":133}},"84":{"start":{"line":126,"column":33},"end":{"line":128,"column":6}},"85":{"start":{"line":129,"column":4},"end":{"line":129,"column":50}},"86":{"start":{"line":131,"column":4},"end":{"line":131,"column":71}},"87":{"start":{"line":135,"column":41},"end":{"line":143,"column":1}},"88":{"start":{"line":136,"column":2},"end":{"line":136,"column":72}},"89":{"start":{"line":136,"column":40},"end":{"line":136,"column":72}},"90":{"start":{"line":137,"column":2},"end":{"line":142,"column":3}},"91":{"start":{"line":138,"column":19},"end":{"line":138,"column":85}},"92":{"start":{"line":139,"column":4},"end":{"line":139,"column":43}},"93":{"start":{"line":141,"column":4},"end":{"line":141,"column":79}},"94":{"start":{"line":146,"column":32},"end":{"line":156,"column":1}},"95":{"start":{"line":147,"column":2},"end":{"line":155,"column":3}},"96":{"start":{"line":148,"column":87},"end":{"line":148,"column":96}},"97":{"start":{"line":149,"column":36},"end":{"line":151,"column":6}},"98":{"start":{"line":152,"column":4},"end":{"line":152,"column":53}},"99":{"start":{"line":154,"column":4},"end":{"line":154,"column":67}},"100":{"start":{"line":158,"column":28},"end":{"line":166,"column":1}},"101":{"start":{"line":159,"column":2},"end":{"line":165,"column":3}},"102":{"start":{"line":160,"column":19},"end":{"line":160,"column":80}},"103":{"start":{"line":161,"column":4},"end":{"line":161,"column":93}},"104":{"start":{"line":161,"column":22},"end":{"line":161,"column":93}},"105":{"start":{"line":162,"column":4},"end":{"line":162,"column":77}},"106":{"start":{"line":164,"column":4},"end":{"line":164,"column":63}},"107":{"start":{"line":168,"column":34},"end":{"line":176,"column":1}},"108":{"start":{"line":169,"column":2},"end":{"line":169,"column":69}},"109":{"start":{"line":169,"column":33},"end":{"line":169,"column":69}},"110":{"start":{"line":170,"column":2},"end":{"line":175,"column":3}},"111":{"start":{"line":171,"column":19},"end":{"line":171,"column":91}},"112":{"start":{"line":172,"column":4},"end":{"line":172,"column":65}},"113":{"start":{"line":174,"column":4},"end":{"line":174,"column":69}},"114":{"start":{"line":178,"column":34},"end":{"line":186,"column":1}},"115":{"start":{"line":179,"column":2},"end":{"line":179,"column":69}},"116":{"start":{"line":179,"column":33},"end":{"line":179,"column":69}},"117":{"start":{"line":180,"column":2},"end":{"line":185,"column":3}},"118":{"start":{"line":181,"column":19},"end":{"line":181,"column":107}},"119":{"start":{"line":182,"column":4},"end":{"line":182,"column":65}},"120":{"start":{"line":184,"column":4},"end":{"line":184,"column":69}},"121":{"start":{"line":189,"column":31},"end":{"line":197,"column":1}},"122":{"start":{"line":190,"column":2},"end":{"line":196,"column":3}},"123":{"start":{"line":191,"column":59},"end":{"line":191,"column":68}},"124":{"start":{"line":192,"column":35},"end":{"line":192,"column":122}},"125":{"start":{"line":193,"column":4},"end":{"line":193,"column":52}},"126":{"start":{"line":195,"column":4},"end":{"line":195,"column":72}},"127":{"start":{"line":199,"column":32},"end":{"line":207,"column":1}},"128":{"start":{"line":200,"column":2},"end":{"line":206,"column":3}},"129":{"start":{"line":201,"column":19},"end":{"line":201,"column":83}},"130":{"start":{"line":202,"column":4},"end":{"line":202,"column":93}},"131":{"start":{"line":202,"column":22},"end":{"line":202,"column":93}},"132":{"start":{"line":203,"column":4},"end":{"line":203,"column":75}},"133":{"start":{"line":205,"column":4},"end":{"line":205,"column":73}},"134":{"start":{"line":210,"column":29},"end":{"line":218,"column":1}},"135":{"start":{"line":211,"column":2},"end":{"line":217,"column":3}},"136":{"start":{"line":212,"column":49},"end":{"line":212,"column":58}},"137":{"start":{"line":213,"column":33},"end":{"line":213,"column":106}},"138":{"start":{"line":214,"column":4},"end":{"line":214,"column":50}},"139":{"start":{"line":216,"column":4},"end":{"line":216,"column":64}},"140":{"start":{"line":220,"column":27},"end":{"line":229,"column":1}},"141":{"start":{"line":221,"column":2},"end":{"line":221,"column":66}},"142":{"start":{"line":221,"column":33},"end":{"line":221,"column":66}},"143":{"start":{"line":222,"column":2},"end":{"line":228,"column":3}},"144":{"start":{"line":223,"column":21},"end":{"line":223,"column":69}},"145":{"start":{"line":224,"column":4},"end":{"line":224,"column":99}},"146":{"start":{"line":224,"column":19},"end":{"line":224,"column":99}},"147":{"start":{"line":225,"column":4},"end":{"line":225,"column":42}},"148":{"start":{"line":227,"column":4},"end":{"line":227,"column":63}},"149":{"start":{"line":231,"column":30},"end":{"line":239,"column":1}},"150":{"start":{"line":232,"column":2},"end":{"line":238,"column":3}},"151":{"start":{"line":233,"column":19},"end":{"line":233,"column":79}},"152":{"start":{"line":234,"column":4},"end":{"line":234,"column":93}},"153":{"start":{"line":234,"column":22},"end":{"line":234,"column":93}},"154":{"start":{"line":235,"column":4},"end":{"line":235,"column":71}},"155":{"start":{"line":237,"column":4},"end":{"line":237,"column":65}},"156":{"start":{"line":241,"column":31},"end":{"line":251,"column":1}},"157":{"start":{"line":242,"column":2},"end":{"line":242,"column":66}},"158":{"start":{"line":242,"column":33},"end":{"line":242,"column":66}},"159":{"start":{"line":243,"column":2},"end":{"line":250,"column":3}},"160":{"start":{"line":244,"column":19},"end":{"line":244,"column":73}},"161":{"start":{"line":245,"column":4},"end":{"line":245,"column":93}},"162":{"start":{"line":245,"column":22},"end":{"line":245,"column":93}},"163":{"start":{"line":246,"column":4},"end":{"line":246,"column":105}},"164":{"start":{"line":246,"column":25},"end":{"line":246,"column":105}},"165":{"start":{"line":247,"column":4},"end":{"line":247,"column":63}},"166":{"start":{"line":249,"column":4},"end":{"line":249,"column":67}},"167":{"start":{"line":253,"column":34},"end":{"line":263,"column":1}},"168":{"start":{"line":254,"column":2},"end":{"line":254,"column":90}},"169":{"start":{"line":254,"column":66},"end":{"line":254,"column":90}},"170":{"start":{"line":255,"column":2},"end":{"line":262,"column":3}},"171":{"start":{"line":256,"column":19},"end":{"line":256,"column":85}},"172":{"start":{"line":257,"column":4},"end":{"line":257,"column":93}},"173":{"start":{"line":257,"column":22},"end":{"line":257,"column":93}},"174":{"start":{"line":258,"column":4},"end":{"line":258,"column":105}},"175":{"start":{"line":258,"column":25},"end":{"line":258,"column":105}},"176":{"start":{"line":259,"column":4},"end":{"line":259,"column":32}},"177":{"start":{"line":261,"column":4},"end":{"line":261,"column":70}},"178":{"start":{"line":265,"column":33},"end":{"line":275,"column":1}},"179":{"start":{"line":266,"column":2},"end":{"line":266,"column":66}},"180":{"start":{"line":266,"column":33},"end":{"line":266,"column":66}},"181":{"start":{"line":267,"column":2},"end":{"line":274,"column":3}},"182":{"start":{"line":268,"column":19},"end":{"line":268,"column":96}},"183":{"start":{"line":269,"column":4},"end":{"line":269,"column":93}},"184":{"start":{"line":269,"column":22},"end":{"line":269,"column":93}},"185":{"start":{"line":270,"column":4},"end":{"line":270,"column":105}},"186":{"start":{"line":270,"column":25},"end":{"line":270,"column":105}},"187":{"start":{"line":271,"column":4},"end":{"line":271,"column":59}},"188":{"start":{"line":273,"column":4},"end":{"line":273,"column":72}},"189":{"start":{"line":277,"column":32},"end":{"line":287,"column":1}},"190":{"start":{"line":278,"column":2},"end":{"line":278,"column":90}},"191":{"start":{"line":278,"column":66},"end":{"line":278,"column":90}},"192":{"start":{"line":279,"column":2},"end":{"line":286,"column":3}},"193":{"start":{"line":280,"column":19},"end":{"line":280,"column":107}},"194":{"start":{"line":281,"column":4},"end":{"line":281,"column":93}},"195":{"start":{"line":281,"column":22},"end":{"line":281,"column":93}},"196":{"start":{"line":282,"column":4},"end":{"line":282,"column":105}},"197":{"start":{"line":282,"column":25},"end":{"line":282,"column":105}},"198":{"start":{"line":283,"column":4},"end":{"line":283,"column":51}},"199":{"start":{"line":285,"column":4},"end":{"line":285,"column":78}},"200":{"start":{"line":290,"column":28},"end":{"line":298,"column":1}},"201":{"start":{"line":291,"column":2},"end":{"line":297,"column":3}},"202":{"start":{"line":292,"column":49},"end":{"line":292,"column":58}},"203":{"start":{"line":293,"column":32},"end":{"line":293,"column":103}},"204":{"start":{"line":294,"column":4},"end":{"line":294,"column":49}},"205":{"start":{"line":296,"column":4},"end":{"line":296,"column":63}},"206":{"start":{"line":300,"column":26},"end":{"line":309,"column":1}},"207":{"start":{"line":301,"column":2},"end":{"line":301,"column":65}},"208":{"start":{"line":301,"column":33},"end":{"line":301,"column":65}},"209":{"start":{"line":302,"column":2},"end":{"line":308,"column":3}},"210":{"start":{"line":303,"column":20},"end":{"line":303,"column":66}},"211":{"start":{"line":304,"column":4},"end":{"line":304,"column":97}},"212":{"start":{"line":304,"column":18},"end":{"line":304,"column":97}},"213":{"start":{"line":305,"column":4},"end":{"line":305,"column":41}},"214":{"start":{"line":307,"column":4},"end":{"line":307,"column":62}},"215":{"start":{"line":311,"column":29},"end":{"line":319,"column":1}},"216":{"start":{"line":312,"column":2},"end":{"line":318,"column":3}},"217":{"start":{"line":313,"column":19},"end":{"line":313,"column":77}},"218":{"start":{"line":314,"column":4},"end":{"line":314,"column":93}},"219":{"start":{"line":314,"column":22},"end":{"line":314,"column":93}},"220":{"start":{"line":315,"column":4},"end":{"line":315,"column":69}},"221":{"start":{"line":317,"column":4},"end":{"line":317,"column":64}},"222":{"start":{"line":321,"column":30},"end":{"line":331,"column":1}},"223":{"start":{"line":322,"column":2},"end":{"line":322,"column":65}},"224":{"start":{"line":322,"column":33},"end":{"line":322,"column":65}},"225":{"start":{"line":323,"column":2},"end":{"line":330,"column":3}},"226":{"start":{"line":324,"column":19},"end":{"line":324,"column":72}},"227":{"start":{"line":325,"column":4},"end":{"line":325,"column":93}},"228":{"start":{"line":325,"column":22},"end":{"line":325,"column":93}},"229":{"start":{"line":326,"column":4},"end":{"line":326,"column":104}},"230":{"start":{"line":326,"column":25},"end":{"line":326,"column":104}},"231":{"start":{"line":327,"column":4},"end":{"line":327,"column":63}},"232":{"start":{"line":329,"column":4},"end":{"line":329,"column":66}},"233":{"start":{"line":333,"column":33},"end":{"line":343,"column":1}},"234":{"start":{"line":334,"column":2},"end":{"line":334,"column":90}},"235":{"start":{"line":334,"column":66},"end":{"line":334,"column":90}},"236":{"start":{"line":335,"column":2},"end":{"line":342,"column":3}},"237":{"start":{"line":336,"column":19},"end":{"line":336,"column":84}},"238":{"start":{"line":337,"column":4},"end":{"line":337,"column":93}},"239":{"start":{"line":337,"column":22},"end":{"line":337,"column":93}},"240":{"start":{"line":338,"column":4},"end":{"line":338,"column":104}},"241":{"start":{"line":338,"column":25},"end":{"line":338,"column":104}},"242":{"start":{"line":339,"column":4},"end":{"line":339,"column":32}},"243":{"start":{"line":341,"column":4},"end":{"line":341,"column":69}},"244":{"start":{"line":345,"column":32},"end":{"line":355,"column":1}},"245":{"start":{"line":346,"column":2},"end":{"line":346,"column":65}},"246":{"start":{"line":346,"column":33},"end":{"line":346,"column":65}},"247":{"start":{"line":347,"column":2},"end":{"line":354,"column":3}},"248":{"start":{"line":348,"column":19},"end":{"line":348,"column":81}},"249":{"start":{"line":349,"column":4},"end":{"line":349,"column":93}},"250":{"start":{"line":349,"column":22},"end":{"line":349,"column":93}},"251":{"start":{"line":350,"column":4},"end":{"line":350,"column":104}},"252":{"start":{"line":350,"column":25},"end":{"line":350,"column":104}},"253":{"start":{"line":351,"column":4},"end":{"line":351,"column":57}},"254":{"start":{"line":353,"column":4},"end":{"line":353,"column":71}},"255":{"start":{"line":357,"column":27},"end":{"line":367,"column":1}},"256":{"start":{"line":358,"column":2},"end":{"line":358,"column":90}},"257":{"start":{"line":358,"column":66},"end":{"line":358,"column":90}},"258":{"start":{"line":359,"column":2},"end":{"line":366,"column":3}},"259":{"start":{"line":360,"column":19},"end":{"line":360,"column":109}},"260":{"start":{"line":361,"column":4},"end":{"line":361,"column":93}},"261":{"start":{"line":361,"column":22},"end":{"line":361,"column":93}},"262":{"start":{"line":362,"column":4},"end":{"line":362,"column":104}},"263":{"start":{"line":362,"column":25},"end":{"line":362,"column":104}},"264":{"start":{"line":363,"column":4},"end":{"line":363,"column":51}},"265":{"start":{"line":365,"column":4},"end":{"line":365,"column":63}},"266":{"start":{"line":370,"column":28},"end":{"line":374,"column":1}},"267":{"start":{"line":371,"column":37},"end":{"line":371,"column":46}},"268":{"start":{"line":372,"column":19},"end":{"line":372,"column":86}},"269":{"start":{"line":373,"column":2},"end":{"line":373,"column":40}},"270":{"start":{"line":376,"column":30},"end":{"line":384,"column":1}},"271":{"start":{"line":377,"column":2},"end":{"line":383,"column":3}},"272":{"start":{"line":378,"column":19},"end":{"line":378,"column":70}},"273":{"start":{"line":379,"column":4},"end":{"line":379,"column":93}},"274":{"start":{"line":379,"column":22},"end":{"line":379,"column":93}},"275":{"start":{"line":380,"column":4},"end":{"line":380,"column":59}},"276":{"start":{"line":382,"column":4},"end":{"line":382,"column":77}},"277":{"start":{"line":386,"column":43},"end":{"line":393,"column":1}},"278":{"start":{"line":387,"column":2},"end":{"line":392,"column":3}},"279":{"start":{"line":388,"column":23},"end":{"line":388,"column":104}},"280":{"start":{"line":389,"column":4},"end":{"line":389,"column":44}},"281":{"start":{"line":391,"column":4},"end":{"line":391,"column":79}}},"fnMap":{"0":{"name":"(anonymous_0)","decl":{"start":{"line":13,"column":16},"end":{"line":13,"column":17}},"loc":{"start":{"line":13,"column":25},"end":{"line":13,"column":38}},"line":13},"1":{"name":"(anonymous_1)","decl":{"start":{"line":15,"column":14},"end":{"line":15,"column":15}},"loc":{"start":{"line":15,"column":37},"end":{"line":15,"column":107}},"line":15},"2":{"name":"(anonymous_2)","decl":{"start":{"line":18,"column":30},"end":{"line":18,"column":31}},"loc":{"start":{"line":18,"column":50},"end":{"line":21,"column":1}},"line":18},"3":{"name":"(anonymous_3)","decl":{"start":{"line":23,"column":28},"end":{"line":23,"column":29}},"loc":{"start":{"line":23,"column":48},"end":{"line":28,"column":1}},"line":23},"4":{"name":"(anonymous_4)","decl":{"start":{"line":30,"column":31},"end":{"line":30,"column":32}},"loc":{"start":{"line":30,"column":51},"end":{"line":38,"column":1}},"line":30},"5":{"name":"(anonymous_5)","decl":{"start":{"line":40,"column":31},"end":{"line":40,"column":32}},"loc":{"start":{"line":40,"column":51},"end":{"line":50,"column":1}},"line":40},"6":{"name":"(anonymous_6)","decl":{"start":{"line":52,"column":35},"end":{"line":52,"column":36}},"loc":{"start":{"line":52,"column":55},"end":{"line":61,"column":1}},"line":52},"7":{"name":"(anonymous_7)","decl":{"start":{"line":64,"column":29},"end":{"line":64,"column":30}},"loc":{"start":{"line":64,"column":49},"end":{"line":72,"column":1}},"line":64},"8":{"name":"(anonymous_8)","decl":{"start":{"line":74,"column":27},"end":{"line":74,"column":28}},"loc":{"start":{"line":74,"column":47},"end":{"line":79,"column":1}},"line":74},"9":{"name":"(anonymous_9)","decl":{"start":{"line":81,"column":30},"end":{"line":81,"column":31}},"loc":{"start":{"line":81,"column":50},"end":{"line":89,"column":1}},"line":81},"10":{"name":"(anonymous_10)","decl":{"start":{"line":91,"column":30},"end":{"line":91,"column":31}},"loc":{"start":{"line":91,"column":50},"end":{"line":101,"column":1}},"line":91},"11":{"name":"(anonymous_11)","decl":{"start":{"line":104,"column":27},"end":{"line":104,"column":28}},"loc":{"start":{"line":104,"column":47},"end":{"line":111,"column":1}},"line":104},"12":{"name":"(anonymous_12)","decl":{"start":{"line":113,"column":28},"end":{"line":113,"column":29}},"loc":{"start":{"line":113,"column":48},"end":{"line":121,"column":1}},"line":113},"13":{"name":"(anonymous_13)","decl":{"start":{"line":123,"column":29},"end":{"line":123,"column":30}},"loc":{"start":{"line":123,"column":49},"end":{"line":133,"column":1}},"line":123},"14":{"name":"(anonymous_14)","decl":{"start":{"line":135,"column":41},"end":{"line":135,"column":42}},"loc":{"start":{"line":135,"column":61},"end":{"line":143,"column":1}},"line":135},"15":{"name":"(anonymous_15)","decl":{"start":{"line":146,"column":32},"end":{"line":146,"column":33}},"loc":{"start":{"line":146,"column":52},"end":{"line":156,"column":1}},"line":146},"16":{"name":"(anonymous_16)","decl":{"start":{"line":158,"column":28},"end":{"line":158,"column":29}},"loc":{"start":{"line":158,"column":48},"end":{"line":166,"column":1}},"line":158},"17":{"name":"(anonymous_17)","decl":{"start":{"line":168,"column":34},"end":{"line":168,"column":35}},"loc":{"start":{"line":168,"column":54},"end":{"line":176,"column":1}},"line":168},"18":{"name":"(anonymous_18)","decl":{"start":{"line":178,"column":34},"end":{"line":178,"column":35}},"loc":{"start":{"line":178,"column":54},"end":{"line":186,"column":1}},"line":178},"19":{"name":"(anonymous_19)","decl":{"start":{"line":189,"column":31},"end":{"line":189,"column":32}},"loc":{"start":{"line":189,"column":51},"end":{"line":197,"column":1}},"line":189},"20":{"name":"(anonymous_20)","decl":{"start":{"line":199,"column":32},"end":{"line":199,"column":33}},"loc":{"start":{"line":199,"column":52},"end":{"line":207,"column":1}},"line":199},"21":{"name":"(anonymous_21)","decl":{"start":{"line":210,"column":29},"end":{"line":210,"column":30}},"loc":{"start":{"line":210,"column":49},"end":{"line":218,"column":1}},"line":210},"22":{"name":"(anonymous_22)","decl":{"start":{"line":220,"column":27},"end":{"line":220,"column":28}},"loc":{"start":{"line":220,"column":47},"end":{"line":229,"column":1}},"line":220},"23":{"name":"(anonymous_23)","decl":{"start":{"line":231,"column":30},"end":{"line":231,"column":31}},"loc":{"start":{"line":231,"column":50},"end":{"line":239,"column":1}},"line":231},"24":{"name":"(anonymous_24)","decl":{"start":{"line":241,"column":31},"end":{"line":241,"column":32}},"loc":{"start":{"line":241,"column":51},"end":{"line":251,"column":1}},"line":241},"25":{"name":"(anonymous_25)","decl":{"start":{"line":253,"column":34},"end":{"line":253,"column":35}},"loc":{"start":{"line":253,"column":54},"end":{"line":263,"column":1}},"line":253},"26":{"name":"(anonymous_26)","decl":{"start":{"line":265,"column":33},"end":{"line":265,"column":34}},"loc":{"start":{"line":265,"column":53},"end":{"line":275,"column":1}},"line":265},"27":{"name":"(anonymous_27)","decl":{"start":{"line":277,"column":32},"end":{"line":277,"column":33}},"loc":{"start":{"line":277,"column":52},"end":{"line":287,"column":1}},"line":277},"28":{"name":"(anonymous_28)","decl":{"start":{"line":290,"column":28},"end":{"line":290,"column":29}},"loc":{"start":{"line":290,"column":48},"end":{"line":298,"column":1}},"line":290},"29":{"name":"(anonymous_29)","decl":{"start":{"line":300,"column":26},"end":{"line":300,"column":27}},"loc":{"start":{"line":300,"column":46},"end":{"line":309,"column":1}},"line":300},"30":{"name":"(anonymous_30)","decl":{"start":{"line":311,"column":29},"end":{"line":311,"column":30}},"loc":{"start":{"line":311,"column":49},"end":{"line":319,"column":1}},"line":311},"31":{"name":"(anonymous_31)","decl":{"start":{"line":321,"column":30},"end":{"line":321,"column":31}},"loc":{"start":{"line":321,"column":50},"end":{"line":331,"column":1}},"line":321},"32":{"name":"(anonymous_32)","decl":{"start":{"line":333,"column":33},"end":{"line":333,"column":34}},"loc":{"start":{"line":333,"column":53},"end":{"line":343,"column":1}},"line":333},"33":{"name":"(anonymous_33)","decl":{"start":{"line":345,"column":32},"end":{"line":345,"column":33}},"loc":{"start":{"line":345,"column":52},"end":{"line":355,"column":1}},"line":345},"34":{"name":"(anonymous_34)","decl":{"start":{"line":357,"column":27},"end":{"line":357,"column":28}},"loc":{"start":{"line":357,"column":47},"end":{"line":367,"column":1}},"line":357},"35":{"name":"(anonymous_35)","decl":{"start":{"line":370,"column":28},"end":{"line":370,"column":29}},"loc":{"start":{"line":370,"column":48},"end":{"line":374,"column":1}},"line":370},"36":{"name":"(anonymous_36)","decl":{"start":{"line":376,"column":30},"end":{"line":376,"column":31}},"loc":{"start":{"line":376,"column":50},"end":{"line":384,"column":1}},"line":376},"37":{"name":"(anonymous_37)","decl":{"start":{"line":386,"column":43},"end":{"line":386,"column":44}},"loc":{"start":{"line":386,"column":63},"end":{"line":393,"column":1}},"line":386}},"branchMap":{"0":{"loc":{"start":{"line":15,"column":20},"end":{"line":15,"column":32}},"type":"default-arg","locations":[{"start":{"line":15,"column":28},"end":{"line":15,"column":32}}],"line":15},"1":{"loc":{"start":{"line":24,"column":2},"end":{"line":24,"column":67}},"type":"if","locations":[{"start":{"line":24,"column":2},"end":{"line":24,"column":67}},{"start":{},"end":{}}],"line":24},"2":{"loc":{"start":{"line":26,"column":2},"end":{"line":26,"column":99}},"type":"if","locations":[{"start":{"line":26,"column":2},"end":{"line":26,"column":99}},{"start":{},"end":{}}],"line":26},"3":{"loc":{"start":{"line":33,"column":4},"end":{"line":33,"column":93}},"type":"if","locations":[{"start":{"line":33,"column":4},"end":{"line":33,"column":93}},{"start":{},"end":{}}],"line":33},"4":{"loc":{"start":{"line":41,"column":2},"end":{"line":41,"column":67}},"type":"if","locations":[{"start":{"line":41,"column":2},"end":{"line":41,"column":67}},{"start":{},"end":{}}],"line":41},"5":{"loc":{"start":{"line":44,"column":4},"end":{"line":44,"column":93}},"type":"if","locations":[{"start":{"line":44,"column":4},"end":{"line":44,"column":93}},{"start":{},"end":{}}],"line":44},"6":{"loc":{"start":{"line":45,"column":4},"end":{"line":45,"column":106}},"type":"if","locations":[{"start":{"line":45,"column":4},"end":{"line":45,"column":106}},{"start":{},"end":{}}],"line":45},"7":{"loc":{"start":{"line":53,"column":2},"end":{"line":53,"column":67}},"type":"if","locations":[{"start":{"line":53,"column":2},"end":{"line":53,"column":67}},{"start":{},"end":{}}],"line":53},"8":{"loc":{"start":{"line":56,"column":4},"end":{"line":56,"column":106}},"type":"if","locations":[{"start":{"line":56,"column":4},"end":{"line":56,"column":106}},{"start":{},"end":{}}],"line":56},"9":{"loc":{"start":{"line":75,"column":2},"end":{"line":75,"column":66}},"type":"if","locations":[{"start":{"line":75,"column":2},"end":{"line":75,"column":66}},{"start":{},"end":{}}],"line":75},"10":{"loc":{"start":{"line":77,"column":2},"end":{"line":77,"column":97}},"type":"if","locations":[{"start":{"line":77,"column":2},"end":{"line":77,"column":97}},{"start":{},"end":{}}],"line":77},"11":{"loc":{"start":{"line":84,"column":4},"end":{"line":84,"column":93}},"type":"if","locations":[{"start":{"line":84,"column":4},"end":{"line":84,"column":93}},{"start":{},"end":{}}],"line":84},"12":{"loc":{"start":{"line":92,"column":2},"end":{"line":92,"column":66}},"type":"if","locations":[{"start":{"line":92,"column":2},"end":{"line":92,"column":66}},{"start":{},"end":{}}],"line":92},"13":{"loc":{"start":{"line":95,"column":4},"end":{"line":95,"column":93}},"type":"if","locations":[{"start":{"line":95,"column":4},"end":{"line":95,"column":93}},{"start":{},"end":{}}],"line":95},"14":{"loc":{"start":{"line":96,"column":4},"end":{"line":96,"column":105}},"type":"if","locations":[{"start":{"line":96,"column":4},"end":{"line":96,"column":105}},{"start":{},"end":{}}],"line":96},"15":{"loc":{"start":{"line":136,"column":2},"end":{"line":136,"column":72}},"type":"if","locations":[{"start":{"line":136,"column":2},"end":{"line":136,"column":72}},{"start":{},"end":{}}],"line":136},"16":{"loc":{"start":{"line":161,"column":4},"end":{"line":161,"column":93}},"type":"if","locations":[{"start":{"line":161,"column":4},"end":{"line":161,"column":93}},{"start":{},"end":{}}],"line":161},"17":{"loc":{"start":{"line":169,"column":2},"end":{"line":169,"column":69}},"type":"if","locations":[{"start":{"line":169,"column":2},"end":{"line":169,"column":69}},{"start":{},"end":{}}],"line":169},"18":{"loc":{"start":{"line":179,"column":2},"end":{"line":179,"column":69}},"type":"if","locations":[{"start":{"line":179,"column":2},"end":{"line":179,"column":69}},{"start":{},"end":{}}],"line":179},"19":{"loc":{"start":{"line":181,"column":78},"end":{"line":181,"column":92}},"type":"binary-expr","locations":[{"start":{"line":181,"column":78},"end":{"line":181,"column":86}},{"start":{"line":181,"column":90},"end":{"line":181,"column":92}}],"line":181},"20":{"loc":{"start":{"line":202,"column":4},"end":{"line":202,"column":93}},"type":"if","locations":[{"start":{"line":202,"column":4},"end":{"line":202,"column":93}},{"start":{},"end":{}}],"line":202},"21":{"loc":{"start":{"line":221,"column":2},"end":{"line":221,"column":66}},"type":"if","locations":[{"start":{"line":221,"column":2},"end":{"line":221,"column":66}},{"start":{},"end":{}}],"line":221},"22":{"loc":{"start":{"line":224,"column":4},"end":{"line":224,"column":99}},"type":"if","locations":[{"start":{"line":224,"column":4},"end":{"line":224,"column":99}},{"start":{},"end":{}}],"line":224},"23":{"loc":{"start":{"line":234,"column":4},"end":{"line":234,"column":93}},"type":"if","locations":[{"start":{"line":234,"column":4},"end":{"line":234,"column":93}},{"start":{},"end":{}}],"line":234},"24":{"loc":{"start":{"line":242,"column":2},"end":{"line":242,"column":66}},"type":"if","locations":[{"start":{"line":242,"column":2},"end":{"line":242,"column":66}},{"start":{},"end":{}}],"line":242},"25":{"loc":{"start":{"line":245,"column":4},"end":{"line":245,"column":93}},"type":"if","locations":[{"start":{"line":245,"column":4},"end":{"line":245,"column":93}},{"start":{},"end":{}}],"line":245},"26":{"loc":{"start":{"line":246,"column":4},"end":{"line":246,"column":105}},"type":"if","locations":[{"start":{"line":246,"column":4},"end":{"line":246,"column":105}},{"start":{},"end":{}}],"line":246},"27":{"loc":{"start":{"line":254,"column":2},"end":{"line":254,"column":90}},"type":"if","locations":[{"start":{"line":254,"column":2},"end":{"line":254,"column":90}},{"start":{},"end":{}}],"line":254},"28":{"loc":{"start":{"line":254,"column":6},"end":{"line":254,"column":64}},"type":"binary-expr","locations":[{"start":{"line":254,"column":6},"end":{"line":254,"column":31}},{"start":{"line":254,"column":35},"end":{"line":254,"column":64}}],"line":254},"29":{"loc":{"start":{"line":257,"column":4},"end":{"line":257,"column":93}},"type":"if","locations":[{"start":{"line":257,"column":4},"end":{"line":257,"column":93}},{"start":{},"end":{}}],"line":257},"30":{"loc":{"start":{"line":258,"column":4},"end":{"line":258,"column":105}},"type":"if","locations":[{"start":{"line":258,"column":4},"end":{"line":258,"column":105}},{"start":{},"end":{}}],"line":258},"31":{"loc":{"start":{"line":266,"column":2},"end":{"line":266,"column":66}},"type":"if","locations":[{"start":{"line":266,"column":2},"end":{"line":266,"column":66}},{"start":{},"end":{}}],"line":266},"32":{"loc":{"start":{"line":269,"column":4},"end":{"line":269,"column":93}},"type":"if","locations":[{"start":{"line":269,"column":4},"end":{"line":269,"column":93}},{"start":{},"end":{}}],"line":269},"33":{"loc":{"start":{"line":270,"column":4},"end":{"line":270,"column":105}},"type":"if","locations":[{"start":{"line":270,"column":4},"end":{"line":270,"column":105}},{"start":{},"end":{}}],"line":270},"34":{"loc":{"start":{"line":278,"column":2},"end":{"line":278,"column":90}},"type":"if","locations":[{"start":{"line":278,"column":2},"end":{"line":278,"column":90}},{"start":{},"end":{}}],"line":278},"35":{"loc":{"start":{"line":278,"column":6},"end":{"line":278,"column":64}},"type":"binary-expr","locations":[{"start":{"line":278,"column":6},"end":{"line":278,"column":31}},{"start":{"line":278,"column":35},"end":{"line":278,"column":64}}],"line":278},"36":{"loc":{"start":{"line":281,"column":4},"end":{"line":281,"column":93}},"type":"if","locations":[{"start":{"line":281,"column":4},"end":{"line":281,"column":93}},{"start":{},"end":{}}],"line":281},"37":{"loc":{"start":{"line":282,"column":4},"end":{"line":282,"column":105}},"type":"if","locations":[{"start":{"line":282,"column":4},"end":{"line":282,"column":105}},{"start":{},"end":{}}],"line":282},"38":{"loc":{"start":{"line":301,"column":2},"end":{"line":301,"column":65}},"type":"if","locations":[{"start":{"line":301,"column":2},"end":{"line":301,"column":65}},{"start":{},"end":{}}],"line":301},"39":{"loc":{"start":{"line":304,"column":4},"end":{"line":304,"column":97}},"type":"if","locations":[{"start":{"line":304,"column":4},"end":{"line":304,"column":97}},{"start":{},"end":{}}],"line":304},"40":{"loc":{"start":{"line":314,"column":4},"end":{"line":314,"column":93}},"type":"if","locations":[{"start":{"line":314,"column":4},"end":{"line":314,"column":93}},{"start":{},"end":{}}],"line":314},"41":{"loc":{"start":{"line":322,"column":2},"end":{"line":322,"column":65}},"type":"if","locations":[{"start":{"line":322,"column":2},"end":{"line":322,"column":65}},{"start":{},"end":{}}],"line":322},"42":{"loc":{"start":{"line":325,"column":4},"end":{"line":325,"column":93}},"type":"if","locations":[{"start":{"line":325,"column":4},"end":{"line":325,"column":93}},{"start":{},"end":{}}],"line":325},"43":{"loc":{"start":{"line":326,"column":4},"end":{"line":326,"column":104}},"type":"if","locations":[{"start":{"line":326,"column":4},"end":{"line":326,"column":104}},{"start":{},"end":{}}],"line":326},"44":{"loc":{"start":{"line":334,"column":2},"end":{"line":334,"column":90}},"type":"if","locations":[{"start":{"line":334,"column":2},"end":{"line":334,"column":90}},{"start":{},"end":{}}],"line":334},"45":{"loc":{"start":{"line":334,"column":6},"end":{"line":334,"column":64}},"type":"binary-expr","locations":[{"start":{"line":334,"column":6},"end":{"line":334,"column":31}},{"start":{"line":334,"column":35},"end":{"line":334,"column":64}}],"line":334},"46":{"loc":{"start":{"line":337,"column":4},"end":{"line":337,"column":93}},"type":"if","locations":[{"start":{"line":337,"column":4},"end":{"line":337,"column":93}},{"start":{},"end":{}}],"line":337},"47":{"loc":{"start":{"line":338,"column":4},"end":{"line":338,"column":104}},"type":"if","locations":[{"start":{"line":338,"column":4},"end":{"line":338,"column":104}},{"start":{},"end":{}}],"line":338},"48":{"loc":{"start":{"line":346,"column":2},"end":{"line":346,"column":65}},"type":"if","locations":[{"start":{"line":346,"column":2},"end":{"line":346,"column":65}},{"start":{},"end":{}}],"line":346},"49":{"loc":{"start":{"line":349,"column":4},"end":{"line":349,"column":93}},"type":"if","locations":[{"start":{"line":349,"column":4},"end":{"line":349,"column":93}},{"start":{},"end":{}}],"line":349},"50":{"loc":{"start":{"line":350,"column":4},"end":{"line":350,"column":104}},"type":"if","locations":[{"start":{"line":350,"column":4},"end":{"line":350,"column":104}},{"start":{},"end":{}}],"line":350},"51":{"loc":{"start":{"line":358,"column":2},"end":{"line":358,"column":90}},"type":"if","locations":[{"start":{"line":358,"column":2},"end":{"line":358,"column":90}},{"start":{},"end":{}}],"line":358},"52":{"loc":{"start":{"line":358,"column":6},"end":{"line":358,"column":64}},"type":"binary-expr","locations":[{"start":{"line":358,"column":6},"end":{"line":358,"column":31}},{"start":{"line":358,"column":35},"end":{"line":358,"column":64}}],"line":358},"53":{"loc":{"start":{"line":361,"column":4},"end":{"line":361,"column":93}},"type":"if","locations":[{"start":{"line":361,"column":4},"end":{"line":361,"column":93}},{"start":{},"end":{}}],"line":361},"54":{"loc":{"start":{"line":362,"column":4},"end":{"line":362,"column":104}},"type":"if","locations":[{"start":{"line":362,"column":4},"end":{"line":362,"column":104}},{"start":{},"end":{}}],"line":362},"55":{"loc":{"start":{"line":379,"column":4},"end":{"line":379,"column":93}},"type":"if","locations":[{"start":{"line":379,"column":4},"end":{"line":379,"column":93}},{"start":{},"end":{}}],"line":379}},"s":{"0":1,"1":0,"2":1,"3":0,"4":1,"5":0,"6":0,"7":1,"8":0,"9":0,"10":0,"11":0,"12":0,"13":0,"14":1,"15":0,"16":0,"17":0,"18":0,"19":0,"20":0,"21":1,"22":0,"23":0,"24":0,"25":0,"26":0,"27":0,"28":0,"29":0,"30":0,"31":0,"32":1,"33":0,"34":0,"35":0,"36":0,"37":0,"38":0,"39":0,"40":0,"41":1,"42":0,"43":0,"44":0,"45":1,"46":0,"47":0,"48":0,"49":0,"50":0,"51":0,"52":1,"53":0,"54":0,"55":0,"56":0,"57":0,"58":0,"59":1,"60":0,"61":0,"62":0,"63":0,"64":0,"65":0,"66":0,"67":0,"68":0,"69":0,"70":1,"71":0,"72":0,"73":0,"74":0,"75":1,"76":0,"77":0,"78":0,"79":0,"80":0,"81":1,"82":0,"83":0,"84":0,"85":0,"86":0,"87":1,"88":0,"89":0,"90":0,"91":0,"92":0,"93":0,"94":1,"95":0,"96":0,"97":0,"98":0,"99":0,"100":1,"101":0,"102":0,"103":0,"104":0,"105":0,"106":0,"107":1,"108":0,"109":0,"110":0,"111":0,"112":0,"113":0,"114":1,"115":0,"116":0,"117":0,"118":0,"119":0,"120":0,"121":1,"122":0,"123":0,"124":0,"125":0,"126":0,"127":1,"128":0,"129":0,"130":0,"131":0,"132":0,"133":0,"134":1,"135":0,"136":0,"137":0,"138":0,"139":0,"140":1,"141":0,"142":0,"143":0,"144":0,"145":0,"146":0,"147":0,"148":0,"149":1,"150":0,"151":0,"152":0,"153":0,"154":0,"155":0,"156":1,"157":0,"158":0,"159":0,"160":0,"161":0,"162":0,"163":0,"164":0,"165":0,"166":0,"167":1,"168":0,"169":0,"170":0,"171":0,"172":0,"173":0,"174":0,"175":0,"176":0,"177":0,"178":1,"179":0,"180":0,"181":0,"182":0,"183":0,"184":0,"185":0,"186":0,"187":0,"188":0,"189":1,"190":0,"191":0,"192":0,"193":0,"194":0,"195":0,"196":0,"197":0,"198":0,"199":0,"200":1,"201":0,"202":0,"203":0,"204":0,"205":0,"206":1,"207":0,"208":0,"209":0,"210":0,"211":0,"212":0,"213":0,"214":0,"215":1,"216":0,"217":0,"218":0,"219":0,"220":0,"221":0,"222":1,"223":0,"224":0,"225":0,"226":0,"227":0,"228":0,"229":0,"230":0,"231":0,"232":0,"233":1,"234":0,"235":0,"236":0,"237":0,"238":0,"239":0,"240":0,"241":0,"242":0,"243":0,"244":1,"245":0,"246":0,"247":0,"248":0,"249":0,"250":0,"251":0,"252":0,"253":0,"254":0,"255":1,"256":0,"257":0,"258":0,"259":0,"260":0,"261":0,"262":0,"263":0,"264":0,"265":0,"266":1,"267":0,"268":0,"269":0,"270":1,"271":0,"272":0,"273":0,"274":0,"275":0,"276":0,"277":1,"278":0,"279":0,"280":0,"281":0},"f":{"0":0,"1":0,"2":0,"3":0,"4":0,"5":0,"6":0,"7":0,"8":0,"9":0,"10":0,"11":0,"12":0,"13":0,"14":0,"15":0,"16":0,"17":0,"18":0,"19":0,"20":0,"21":0,"22":0,"23":0,"24":0,"25":0,"26":0,"27":0,"28":0,"29":0,"30":0,"31":0,"32":0,"33":0,"34":0,"35":0,"36":0,"37":0},"b":{"0":[0],"1":[0,0],"2":[0,0],"3":[0,0],"4":[0,0],"5":[0,0],"6":[0,0],"7":[0,0],"8":[0,0],"9":[0,0],"10":[0,0],"11":[0,0],"12":[0,0],"13":[0,0],"14":[0,0],"15":[0,0],"16":[0,0],"17":[0,0],"18":[0,0],"19":[0,0],"20":[0,0],"21":[0,0],"22":[0,0],"23":[0,0],"24":[0,0],"25":[0,0],"26":[0,0],"27":[0,0],"28":[0,0],"29":[0,0],"30":[0,0],"31":[0,0],"32":[0,0],"33":[0,0],"34":[0,0],"35":[0,0],"36":[0,0],"37":[0,0],"38":[0,0],"39":[0,0],"40":[0,0],"41":[0,0],"42":[0,0],"43":[0,0],"44":[0,0],"45":[0,0],"46":[0,0],"47":[0,0],"48":[0,0],"49":[0,0],"50":[0,0],"51":[0,0],"52":[0,0],"53":[0,0],"54":[0,0],"55":[0,0]},"_coverageSchema":"1a1c01bbd47fc00a2c39e90264f33305004495a9","hash":"3dafbb66a1f636ac6a0ba8d35c8679253c75fe88"}
,"C:\\Users\\DELL\\Documents\\tuwa\\tuwa\\server\\modules\\inventory\\repository\\adjustments.repo.js": {"path":"C:\\Users\\DELL\\Documents\\tuwa\\tuwa\\server\\modules\\inventory\\repository\\adjustments.repo.js","statementMap":{"0":{"start":{"line":3,"column":14},"end":{"line":3,"column":33}},"1":{"start":{"line":5,"column":21},"end":{"line":7,"column":1}},"2":{"start":{"line":6,"column":2},"end":{"line":6,"column":56}},"3":{"start":{"line":6,"column":13},"end":{"line":6,"column":56}},"4":{"start":{"line":9,"column":32},"end":{"line":22,"column":3}},"5":{"start":{"line":10,"column":2},"end":{"line":22,"column":3}},"6":{"start":{"line":24,"column":33},"end":{"line":35,"column":1}},"7":{"start":{"line":25,"column":26},"end":{"line":32,"column":4}},"8":{"start":{"line":33,"column":2},"end":{"line":33,"column":61}},"9":{"start":{"line":34,"column":2},"end":{"line":34,"column":32}},"10":{"start":{"line":37,"column":31},"end":{"line":61,"column":1}},"11":{"start":{"line":38,"column":18},"end":{"line":38,"column":48}},"12":{"start":{"line":39,"column":19},"end":{"line":39,"column":66}},"13":{"start":{"line":40,"column":15},"end":{"line":40,"column":39}},"14":{"start":{"line":42,"column":14},"end":{"line":46,"column":37}},"15":{"start":{"line":48,"column":2},"end":{"line":48,"column":59}},"16":{"start":{"line":48,"column":17},"end":{"line":48,"column":59}},"17":{"start":{"line":49,"column":2},"end":{"line":49,"column":62}},"18":{"start":{"line":49,"column":18},"end":{"line":49,"column":62}},"19":{"start":{"line":50,"column":2},"end":{"line":50,"column":49}},"20":{"start":{"line":50,"column":14},"end":{"line":50,"column":49}},"21":{"start":{"line":52,"column":33},"end":{"line":52,"column":44}},"22":{"start":{"line":53,"column":2},"end":{"line":53,"column":59}},"23":{"start":{"line":54,"column":2},"end":{"line":60,"column":4}},"24":{"start":{"line":55,"column":44},"end":{"line":58,"column":5}}},"fnMap":{"0":{"name":"(anonymous_0)","decl":{"start":{"line":5,"column":21},"end":{"line":5,"column":22}},"loc":{"start":{"line":5,"column":42},"end":{"line":7,"column":1}},"line":5},"1":{"name":"(anonymous_1)","decl":{"start":{"line":9,"column":32},"end":{"line":9,"column":33}},"loc":{"start":{"line":10,"column":2},"end":{"line":22,"column":3}},"line":10},"2":{"name":"(anonymous_2)","decl":{"start":{"line":24,"column":33},"end":{"line":24,"column":34}},"loc":{"start":{"line":24,"column":108},"end":{"line":35,"column":1}},"line":24},"3":{"name":"(anonymous_3)","decl":{"start":{"line":37,"column":31},"end":{"line":37,"column":32}},"loc":{"start":{"line":37,"column":103},"end":{"line":61,"column":1}},"line":37},"4":{"name":"(anonymous_4)","decl":{"start":{"line":55,"column":34},"end":{"line":55,"column":35}},"loc":{"start":{"line":55,"column":44},"end":{"line":58,"column":5}},"line":55}},"branchMap":{"0":{"loc":{"start":{"line":6,"column":2},"end":{"line":6,"column":56}},"type":"if","locations":[{"start":{"line":6,"column":2},"end":{"line":6,"column":56}},{"start":{},"end":{}}],"line":6},"1":{"loc":{"start":{"line":6,"column":29},"end":{"line":6,"column":54}},"type":"binary-expr","locations":[{"start":{"line":6,"column":29},"end":{"line":6,"column":42}},{"start":{"line":6,"column":46},"end":{"line":6,"column":54}}],"line":6},"2":{"loc":{"start":{"line":10,"column":2},"end":{"line":22,"column":3}},"type":"binary-expr","locations":[{"start":{"line":10,"column":2},"end":{"line":10,"column":5}},{"start":{"line":10,"column":9},"end":{"line":22,"column":3}}],"line":10},"3":{"loc":{"start":{"line":30,"column":12},"end":{"line":30,"column":24}},"type":"binary-expr","locations":[{"start":{"line":30,"column":12},"end":{"line":30,"column":16}},{"start":{"line":30,"column":20},"end":{"line":30,"column":24}}],"line":30},"4":{"loc":{"start":{"line":37,"column":38},"end":{"line":37,"column":98}},"type":"default-arg","locations":[{"start":{"line":37,"column":96},"end":{"line":37,"column":98}}],"line":37},"5":{"loc":{"start":{"line":37,"column":71},"end":{"line":37,"column":79}},"type":"default-arg","locations":[{"start":{"line":37,"column":78},"end":{"line":37,"column":79}}],"line":37},"6":{"loc":{"start":{"line":37,"column":81},"end":{"line":37,"column":91}},"type":"default-arg","locations":[{"start":{"line":37,"column":89},"end":{"line":37,"column":91}}],"line":37},"7":{"loc":{"start":{"line":38,"column":30},"end":{"line":38,"column":47}},"type":"binary-expr","locations":[{"start":{"line":38,"column":30},"end":{"line":38,"column":42}},{"start":{"line":38,"column":46},"end":{"line":38,"column":47}}],"line":38},"8":{"loc":{"start":{"line":39,"column":45},"end":{"line":39,"column":64}},"type":"binary-expr","locations":[{"start":{"line":39,"column":45},"end":{"line":39,"column":58}},{"start":{"line":39,"column":62},"end":{"line":39,"column":64}}],"line":39},"9":{"loc":{"start":{"line":48,"column":2},"end":{"line":48,"column":59}},"type":"if","locations":[{"start":{"line":48,"column":2},"end":{"line":48,"column":59}},{"start":{},"end":{}}],"line":48},"10":{"loc":{"start":{"line":49,"column":2},"end":{"line":49,"column":62}},"type":"if","locations":[{"start":{"line":49,"column":2},"end":{"line":49,"column":62}},{"start":{},"end":{}}],"line":49},"11":{"loc":{"start":{"line":50,"column":2},"end":{"line":50,"column":49}},"type":"if","locations":[{"start":{"line":50,"column":2},"end":{"line":50,"column":49}},{"start":{},"end":{}}],"line":50},"12":{"loc":{"start":{"line":55,"column":18},"end":{"line":55,"column":28}},"type":"binary-expr","locations":[{"start":{"line":55,"column":18},"end":{"line":55,"column":22}},{"start":{"line":55,"column":26},"end":{"line":55,"column":28}}],"line":55},"13":{"loc":{"start":{"line":57,"column":15},"end":{"line":57,"column":113}},"type":"cond-expr","locations":[{"start":{"line":57,"column":30},"end":{"line":57,"column":101}},{"start":{"line":57,"column":104},"end":{"line":57,"column":113}}],"line":57},"14":{"loc":{"start":{"line":59,"column":11},"end":{"line":59,"column":21}},"type":"binary-expr","locations":[{"start":{"line":59,"column":11},"end":{"line":59,"column":16}},{"start":{"line":59,"column":20},"end":{"line":59,"column":21}}],"line":59}},"s":{"0":1,"1":1,"2":0,"3":0,"4":1,"5":0,"6":1,"7":0,"8":0,"9":0,"10":1,"11":0,"12":0,"13":0,"14":0,"15":0,"16":0,"17":0,"18":0,"19":0,"20":0,"21":0,"22":0,"23":0,"24":0},"f":{"0":0,"1":0,"2":0,"3":0,"4":0},"b":{"0":[0,0],"1":[0,0],"2":[0,0],"3":[0,0],"4":[0],"5":[0],"6":[0],"7":[0,0],"8":[0,0],"9":[0,0],"10":[0,0],"11":[0,0],"12":[0,0],"13":[0,0],"14":[0,0]},"_coverageSchema":"1a1c01bbd47fc00a2c39e90264f33305004495a9","hash":"0c41a3aeb13cf91cc46e3efe20d3f85f324e7d9e"}
,"C:\\Users\\DELL\\Documents\\tuwa\\tuwa\\server\\modules\\inventory\\repository\\balances.repo.js": {"path":"C:\\Users\\DELL\\Documents\\tuwa\\tuwa\\server\\modules\\inventory\\repository\\balances.repo.js","statementMap":{"0":{"start":{"line":7,"column":23},"end":{"line":7,"column":39}},"1":{"start":{"line":8,"column":24},"end":{"line":8,"column":41}},"2":{"start":{"line":10,"column":21},"end":{"line":12,"column":1}},"3":{"start":{"line":11,"column":2},"end":{"line":11,"column":56}},"4":{"start":{"line":11,"column":13},"end":{"line":11,"column":56}},"5":{"start":{"line":14,"column":23},"end":{"line":14,"column":117}},"6":{"start":{"line":15,"column":22},"end":{"line":15,"column":58}},"7":{"start":{"line":17,"column":29},"end":{"line":39,"column":3}},"8":{"start":{"line":18,"column":2},"end":{"line":39,"column":3}},"9":{"start":{"line":41,"column":28},"end":{"line":59,"column":1}},"10":{"start":{"line":42,"column":18},"end":{"line":42,"column":48}},"11":{"start":{"line":43,"column":19},"end":{"line":43,"column":66}},"12":{"start":{"line":44,"column":15},"end":{"line":44,"column":39}},"13":{"start":{"line":46,"column":14},"end":{"line":50,"column":37}},"14":{"start":{"line":52,"column":2},"end":{"line":52,"column":59}},"15":{"start":{"line":52,"column":17},"end":{"line":52,"column":59}},"16":{"start":{"line":53,"column":2},"end":{"line":53,"column":62}},"17":{"start":{"line":53,"column":18},"end":{"line":53,"column":62}},"18":{"start":{"line":54,"column":2},"end":{"line":54,"column":85}},"19":{"start":{"line":54,"column":19},"end":{"line":54,"column":85}},"20":{"start":{"line":56,"column":33},"end":{"line":56,"column":44}},"21":{"start":{"line":57,"column":2},"end":{"line":57,"column":56}},"22":{"start":{"line":58,"column":2},"end":{"line":58,"column":74}},"23":{"start":{"line":61,"column":37},"end":{"line":68,"column":1}},"24":{"start":{"line":62,"column":26},"end":{"line":65,"column":32}},"25":{"start":{"line":66,"column":2},"end":{"line":66,"column":64}},"26":{"start":{"line":67,"column":2},"end":{"line":67,"column":41}},"27":{"start":{"line":70,"column":30},"end":{"line":87,"column":3}},"28":{"start":{"line":71,"column":2},"end":{"line":87,"column":3}},"29":{"start":{"line":89,"column":29},"end":{"line":123,"column":1}},"30":{"start":{"line":101,"column":18},"end":{"line":101,"column":48}},"31":{"start":{"line":102,"column":19},"end":{"line":102,"column":66}},"32":{"start":{"line":103,"column":15},"end":{"line":103,"column":39}},"33":{"start":{"line":105,"column":14},"end":{"line":109,"column":37}},"34":{"start":{"line":111,"column":2},"end":{"line":111,"column":59}},"35":{"start":{"line":111,"column":17},"end":{"line":111,"column":59}},"36":{"start":{"line":112,"column":2},"end":{"line":112,"column":62}},"37":{"start":{"line":112,"column":18},"end":{"line":112,"column":62}},"38":{"start":{"line":113,"column":2},"end":{"line":113,"column":85}},"39":{"start":{"line":113,"column":19},"end":{"line":113,"column":85}},"40":{"start":{"line":114,"column":2},"end":{"line":114,"column":68}},"41":{"start":{"line":114,"column":20},"end":{"line":114,"column":68}},"42":{"start":{"line":115,"column":2},"end":{"line":115,"column":71}},"43":{"start":{"line":115,"column":21},"end":{"line":115,"column":71}},"44":{"start":{"line":116,"column":2},"end":{"line":116,"column":65}},"45":{"start":{"line":116,"column":19},"end":{"line":116,"column":65}},"46":{"start":{"line":117,"column":2},"end":{"line":117,"column":58}},"47":{"start":{"line":117,"column":16},"end":{"line":117,"column":58}},"48":{"start":{"line":118,"column":2},"end":{"line":118,"column":54}},"49":{"start":{"line":118,"column":14},"end":{"line":118,"column":54}},"50":{"start":{"line":120,"column":33},"end":{"line":120,"column":44}},"51":{"start":{"line":121,"column":2},"end":{"line":121,"column":57}},"52":{"start":{"line":122,"column":2},"end":{"line":122,"column":76}},"53":{"start":{"line":127,"column":31},"end":{"line":133,"column":1}},"54":{"start":{"line":128,"column":14},"end":{"line":128,"column":91}},"55":{"start":{"line":129,"column":2},"end":{"line":129,"column":54}},"56":{"start":{"line":129,"column":18},"end":{"line":129,"column":54}},"57":{"start":{"line":130,"column":27},"end":{"line":130,"column":38}},"58":{"start":{"line":131,"column":2},"end":{"line":131,"column":53}},"59":{"start":{"line":132,"column":2},"end":{"line":132,"column":20}},"60":{"start":{"line":135,"column":30},"end":{"line":139,"column":1}},"61":{"start":{"line":136,"column":27},"end":{"line":136,"column":119}},"62":{"start":{"line":137,"column":2},"end":{"line":137,"column":52}},"63":{"start":{"line":138,"column":2},"end":{"line":138,"column":20}},"64":{"start":{"line":141,"column":30},"end":{"line":151,"column":1}},"65":{"start":{"line":145,"column":26},"end":{"line":148,"column":21}},"66":{"start":{"line":149,"column":2},"end":{"line":149,"column":68}},"67":{"start":{"line":150,"column":2},"end":{"line":150,"column":108}},"68":{"start":{"line":150,"column":43},"end":{"line":150,"column":103}},"69":{"start":{"line":153,"column":39},"end":{"line":160,"column":1}},"70":{"start":{"line":154,"column":27},"end":{"line":157,"column":27}},"71":{"start":{"line":158,"column":2},"end":{"line":158,"column":62}},"72":{"start":{"line":159,"column":2},"end":{"line":159,"column":20}},"73":{"start":{"line":162,"column":34},"end":{"line":169,"column":1}},"74":{"start":{"line":163,"column":27},"end":{"line":166,"column":52}},"75":{"start":{"line":167,"column":2},"end":{"line":167,"column":57}},"76":{"start":{"line":168,"column":2},"end":{"line":168,"column":20}},"77":{"start":{"line":171,"column":33},"end":{"line":178,"column":1}},"78":{"start":{"line":172,"column":27},"end":{"line":175,"column":50}},"79":{"start":{"line":176,"column":2},"end":{"line":176,"column":56}},"80":{"start":{"line":177,"column":2},"end":{"line":177,"column":20}},"81":{"start":{"line":181,"column":36},"end":{"line":195,"column":1}},"82":{"start":{"line":182,"column":14},"end":{"line":185,"column":59}},"83":{"start":{"line":186,"column":2},"end":{"line":186,"column":68}},"84":{"start":{"line":186,"column":25},"end":{"line":186,"column":68}},"85":{"start":{"line":187,"column":26},"end":{"line":187,"column":37}},"86":{"start":{"line":188,"column":2},"end":{"line":188,"column":59}},"87":{"start":{"line":189,"column":17},"end":{"line":189,"column":19}},"88":{"start":{"line":190,"column":2},"end":{"line":193,"column":5}},"89":{"start":{"line":191,"column":22},"end":{"line":191,"column":75}},"90":{"start":{"line":192,"column":4},"end":{"line":192,"column":92}},"91":{"start":{"line":192,"column":23},"end":{"line":192,"column":92}},"92":{"start":{"line":194,"column":2},"end":{"line":194,"column":16}},"93":{"start":{"line":198,"column":36},"end":{"line":212,"column":1}},"94":{"start":{"line":199,"column":14},"end":{"line":202,"column":59}},"95":{"start":{"line":203,"column":2},"end":{"line":203,"column":68}},"96":{"start":{"line":203,"column":25},"end":{"line":203,"column":68}},"97":{"start":{"line":204,"column":26},"end":{"line":204,"column":37}},"98":{"start":{"line":205,"column":2},"end":{"line":205,"column":59}},"99":{"start":{"line":206,"column":17},"end":{"line":206,"column":19}},"100":{"start":{"line":207,"column":2},"end":{"line":210,"column":5}},"101":{"start":{"line":208,"column":22},"end":{"line":208,"column":73}},"102":{"start":{"line":209,"column":4},"end":{"line":209,"column":92}},"103":{"start":{"line":209,"column":23},"end":{"line":209,"column":92}},"104":{"start":{"line":211,"column":2},"end":{"line":211,"column":16}}},"fnMap":{"0":{"name":"(anonymous_0)","decl":{"start":{"line":10,"column":21},"end":{"line":10,"column":22}},"loc":{"start":{"line":10,"column":42},"end":{"line":12,"column":1}},"line":10},"1":{"name":"(anonymous_1)","decl":{"start":{"line":17,"column":29},"end":{"line":17,"column":30}},"loc":{"start":{"line":18,"column":2},"end":{"line":39,"column":3}},"line":18},"2":{"name":"(anonymous_2)","decl":{"start":{"line":41,"column":28},"end":{"line":41,"column":29}},"loc":{"start":{"line":41,"column":105},"end":{"line":59,"column":1}},"line":41},"3":{"name":"(anonymous_3)","decl":{"start":{"line":61,"column":37},"end":{"line":61,"column":38}},"loc":{"start":{"line":61,"column":58},"end":{"line":68,"column":1}},"line":61},"4":{"name":"(anonymous_4)","decl":{"start":{"line":70,"column":30},"end":{"line":70,"column":31}},"loc":{"start":{"line":71,"column":2},"end":{"line":87,"column":3}},"line":71},"5":{"name":"(anonymous_5)","decl":{"start":{"line":89,"column":29},"end":{"line":89,"column":30}},"loc":{"start":{"line":100,"column":11},"end":{"line":123,"column":1}},"line":100},"6":{"name":"(anonymous_6)","decl":{"start":{"line":127,"column":31},"end":{"line":127,"column":32}},"loc":{"start":{"line":127,"column":70},"end":{"line":133,"column":1}},"line":127},"7":{"name":"(anonymous_7)","decl":{"start":{"line":135,"column":30},"end":{"line":135,"column":31}},"loc":{"start":{"line":135,"column":42},"end":{"line":139,"column":1}},"line":135},"8":{"name":"(anonymous_8)","decl":{"start":{"line":141,"column":30},"end":{"line":141,"column":31}},"loc":{"start":{"line":141,"column":42},"end":{"line":151,"column":1}},"line":141},"9":{"name":"(anonymous_9)","decl":{"start":{"line":150,"column":29},"end":{"line":150,"column":30}},"loc":{"start":{"line":150,"column":43},"end":{"line":150,"column":103}},"line":150},"10":{"name":"(anonymous_10)","decl":{"start":{"line":153,"column":39},"end":{"line":153,"column":40}},"loc":{"start":{"line":153,"column":51},"end":{"line":160,"column":1}},"line":153},"11":{"name":"(anonymous_11)","decl":{"start":{"line":162,"column":34},"end":{"line":162,"column":35}},"loc":{"start":{"line":162,"column":46},"end":{"line":169,"column":1}},"line":162},"12":{"name":"(anonymous_12)","decl":{"start":{"line":171,"column":33},"end":{"line":171,"column":34}},"loc":{"start":{"line":171,"column":45},"end":{"line":178,"column":1}},"line":171},"13":{"name":"(anonymous_13)","decl":{"start":{"line":181,"column":36},"end":{"line":181,"column":37}},"loc":{"start":{"line":181,"column":63},"end":{"line":195,"column":1}},"line":181},"14":{"name":"(anonymous_14)","decl":{"start":{"line":190,"column":23},"end":{"line":190,"column":24}},"loc":{"start":{"line":190,"column":33},"end":{"line":193,"column":3}},"line":190},"15":{"name":"(anonymous_15)","decl":{"start":{"line":198,"column":36},"end":{"line":198,"column":37}},"loc":{"start":{"line":198,"column":63},"end":{"line":212,"column":1}},"line":198},"16":{"name":"(anonymous_16)","decl":{"start":{"line":207,"column":23},"end":{"line":207,"column":24}},"loc":{"start":{"line":207,"column":33},"end":{"line":210,"column":3}},"line":207}},"branchMap":{"0":{"loc":{"start":{"line":11,"column":2},"end":{"line":11,"column":56}},"type":"if","locations":[{"start":{"line":11,"column":2},"end":{"line":11,"column":56}},{"start":{},"end":{}}],"line":11},"1":{"loc":{"start":{"line":11,"column":29},"end":{"line":11,"column":54}},"type":"binary-expr","locations":[{"start":{"line":11,"column":29},"end":{"line":11,"column":42}},{"start":{"line":11,"column":46},"end":{"line":11,"column":54}}],"line":11},"2":{"loc":{"start":{"line":18,"column":2},"end":{"line":39,"column":3}},"type":"binary-expr","locations":[{"start":{"line":18,"column":2},"end":{"line":18,"column":5}},{"start":{"line":18,"column":9},"end":{"line":39,"column":3}}],"line":18},"3":{"loc":{"start":{"line":21,"column":13},"end":{"line":21,"column":145}},"type":"cond-expr","locations":[{"start":{"line":21,"column":28},"end":{"line":21,"column":133}},{"start":{"line":21,"column":136},"end":{"line":21,"column":145}}],"line":21},"4":{"loc":{"start":{"line":23,"column":14},"end":{"line":34,"column":17}},"type":"cond-expr","locations":[{"start":{"line":24,"column":8},"end":{"line":33,"column":9}},{"start":{"line":34,"column":8},"end":{"line":34,"column":17}}],"line":23},"5":{"loc":{"start":{"line":30,"column":21},"end":{"line":32,"column":23}},"type":"cond-expr","locations":[{"start":{"line":31,"column":14},"end":{"line":31,"column":153}},{"start":{"line":32,"column":14},"end":{"line":32,"column":23}}],"line":30},"6":{"loc":{"start":{"line":41,"column":35},"end":{"line":41,"column":100}},"type":"default-arg","locations":[{"start":{"line":41,"column":98},"end":{"line":41,"column":100}}],"line":41},"7":{"loc":{"start":{"line":41,"column":73},"end":{"line":41,"column":81}},"type":"default-arg","locations":[{"start":{"line":41,"column":80},"end":{"line":41,"column":81}}],"line":41},"8":{"loc":{"start":{"line":41,"column":83},"end":{"line":41,"column":93}},"type":"default-arg","locations":[{"start":{"line":41,"column":91},"end":{"line":41,"column":93}}],"line":41},"9":{"loc":{"start":{"line":42,"column":30},"end":{"line":42,"column":47}},"type":"binary-expr","locations":[{"start":{"line":42,"column":30},"end":{"line":42,"column":42}},{"start":{"line":42,"column":46},"end":{"line":42,"column":47}}],"line":42},"10":{"loc":{"start":{"line":43,"column":45},"end":{"line":43,"column":64}},"type":"binary-expr","locations":[{"start":{"line":43,"column":45},"end":{"line":43,"column":58}},{"start":{"line":43,"column":62},"end":{"line":43,"column":64}}],"line":43},"11":{"loc":{"start":{"line":52,"column":2},"end":{"line":52,"column":59}},"type":"if","locations":[{"start":{"line":52,"column":2},"end":{"line":52,"column":59}},{"start":{},"end":{}}],"line":52},"12":{"loc":{"start":{"line":53,"column":2},"end":{"line":53,"column":62}},"type":"if","locations":[{"start":{"line":53,"column":2},"end":{"line":53,"column":62}},{"start":{},"end":{}}],"line":53},"13":{"loc":{"start":{"line":54,"column":2},"end":{"line":54,"column":85}},"type":"if","locations":[{"start":{"line":54,"column":2},"end":{"line":54,"column":85}},{"start":{},"end":{}}],"line":54},"14":{"loc":{"start":{"line":58,"column":22},"end":{"line":58,"column":32}},"type":"binary-expr","locations":[{"start":{"line":58,"column":22},"end":{"line":58,"column":26}},{"start":{"line":58,"column":30},"end":{"line":58,"column":32}}],"line":58},"15":{"loc":{"start":{"line":58,"column":61},"end":{"line":58,"column":71}},"type":"binary-expr","locations":[{"start":{"line":58,"column":61},"end":{"line":58,"column":66}},{"start":{"line":58,"column":70},"end":{"line":58,"column":71}}],"line":58},"16":{"loc":{"start":{"line":67,"column":10},"end":{"line":67,"column":20}},"type":"binary-expr","locations":[{"start":{"line":67,"column":10},"end":{"line":67,"column":14}},{"start":{"line":67,"column":18},"end":{"line":67,"column":20}}],"line":67},"17":{"loc":{"start":{"line":71,"column":2},"end":{"line":87,"column":3}},"type":"binary-expr","locations":[{"start":{"line":71,"column":2},"end":{"line":71,"column":5}},{"start":{"line":71,"column":9},"end":{"line":87,"column":3}}],"line":71},"18":{"loc":{"start":{"line":74,"column":13},"end":{"line":74,"column":111}},"type":"cond-expr","locations":[{"start":{"line":74,"column":28},"end":{"line":74,"column":99}},{"start":{"line":74,"column":102},"end":{"line":74,"column":111}}],"line":74},"19":{"loc":{"start":{"line":76,"column":14},"end":{"line":78,"column":17}},"type":"cond-expr","locations":[{"start":{"line":77,"column":8},"end":{"line":77,"column":165}},{"start":{"line":78,"column":8},"end":{"line":78,"column":17}}],"line":76},"20":{"loc":{"start":{"line":89,"column":36},"end":{"line":100,"column":6}},"type":"default-arg","locations":[{"start":{"line":100,"column":4},"end":{"line":100,"column":6}}],"line":89},"21":{"loc":{"start":{"line":98,"column":2},"end":{"line":98,"column":10}},"type":"default-arg","locations":[{"start":{"line":98,"column":9},"end":{"line":98,"column":10}}],"line":98},"22":{"loc":{"start":{"line":99,"column":2},"end":{"line":99,"column":12}},"type":"default-arg","locations":[{"start":{"line":99,"column":10},"end":{"line":99,"column":12}}],"line":99},"23":{"loc":{"start":{"line":101,"column":30},"end":{"line":101,"column":47}},"type":"binary-expr","locations":[{"start":{"line":101,"column":30},"end":{"line":101,"column":42}},{"start":{"line":101,"column":46},"end":{"line":101,"column":47}}],"line":101},"24":{"loc":{"start":{"line":102,"column":45},"end":{"line":102,"column":64}},"type":"binary-expr","locations":[{"start":{"line":102,"column":45},"end":{"line":102,"column":58}},{"start":{"line":102,"column":62},"end":{"line":102,"column":64}}],"line":102},"25":{"loc":{"start":{"line":111,"column":2},"end":{"line":111,"column":59}},"type":"if","locations":[{"start":{"line":111,"column":2},"end":{"line":111,"column":59}},{"start":{},"end":{}}],"line":111},"26":{"loc":{"start":{"line":112,"column":2},"end":{"line":112,"column":62}},"type":"if","locations":[{"start":{"line":112,"column":2},"end":{"line":112,"column":62}},{"start":{},"end":{}}],"line":112},"27":{"loc":{"start":{"line":113,"column":2},"end":{"line":113,"column":85}},"type":"if","locations":[{"start":{"line":113,"column":2},"end":{"line":113,"column":85}},{"start":{},"end":{}}],"line":113},"28":{"loc":{"start":{"line":114,"column":2},"end":{"line":114,"column":68}},"type":"if","locations":[{"start":{"line":114,"column":2},"end":{"line":114,"column":68}},{"start":{},"end":{}}],"line":114},"29":{"loc":{"start":{"line":115,"column":2},"end":{"line":115,"column":71}},"type":"if","locations":[{"start":{"line":115,"column":2},"end":{"line":115,"column":71}},{"start":{},"end":{}}],"line":115},"30":{"loc":{"start":{"line":116,"column":2},"end":{"line":116,"column":65}},"type":"if","locations":[{"start":{"line":116,"column":2},"end":{"line":116,"column":65}},{"start":{},"end":{}}],"line":116},"31":{"loc":{"start":{"line":117,"column":2},"end":{"line":117,"column":58}},"type":"if","locations":[{"start":{"line":117,"column":2},"end":{"line":117,"column":58}},{"start":{},"end":{}}],"line":117},"32":{"loc":{"start":{"line":118,"column":2},"end":{"line":118,"column":54}},"type":"if","locations":[{"start":{"line":118,"column":2},"end":{"line":118,"column":54}},{"start":{},"end":{}}],"line":118},"33":{"loc":{"start":{"line":122,"column":23},"end":{"line":122,"column":33}},"type":"binary-expr","locations":[{"start":{"line":122,"column":23},"end":{"line":122,"column":27}},{"start":{"line":122,"column":31},"end":{"line":122,"column":33}}],"line":122},"34":{"loc":{"start":{"line":122,"column":63},"end":{"line":122,"column":73}},"type":"binary-expr","locations":[{"start":{"line":122,"column":63},"end":{"line":122,"column":68}},{"start":{"line":122,"column":72},"end":{"line":122,"column":73}}],"line":122},"35":{"loc":{"start":{"line":127,"column":38},"end":{"line":127,"column":65}},"type":"default-arg","locations":[{"start":{"line":127,"column":63},"end":{"line":127,"column":65}}],"line":127},"36":{"loc":{"start":{"line":127,"column":40},"end":{"line":127,"column":58}},"type":"default-arg","locations":[{"start":{"line":127,"column":53},"end":{"line":127,"column":58}}],"line":127},"37":{"loc":{"start":{"line":129,"column":2},"end":{"line":129,"column":54}},"type":"if","locations":[{"start":{"line":129,"column":2},"end":{"line":129,"column":54}},{"start":{},"end":{}}],"line":129},"38":{"loc":{"start":{"line":132,"column":9},"end":{"line":132,"column":19}},"type":"binary-expr","locations":[{"start":{"line":132,"column":9},"end":{"line":132,"column":14}},{"start":{"line":132,"column":18},"end":{"line":132,"column":19}}],"line":132},"39":{"loc":{"start":{"line":138,"column":9},"end":{"line":138,"column":19}},"type":"binary-expr","locations":[{"start":{"line":138,"column":9},"end":{"line":138,"column":14}},{"start":{"line":138,"column":18},"end":{"line":138,"column":19}}],"line":138},"40":{"loc":{"start":{"line":150,"column":10},"end":{"line":150,"column":20}},"type":"binary-expr","locations":[{"start":{"line":150,"column":10},"end":{"line":150,"column":14}},{"start":{"line":150,"column":18},"end":{"line":150,"column":20}}],"line":150},"41":{"loc":{"start":{"line":150,"column":78},"end":{"line":150,"column":102}},"type":"binary-expr","locations":[{"start":{"line":150,"column":78},"end":{"line":150,"column":97}},{"start":{"line":150,"column":101},"end":{"line":150,"column":102}}],"line":150},"42":{"loc":{"start":{"line":159,"column":9},"end":{"line":159,"column":19}},"type":"binary-expr","locations":[{"start":{"line":159,"column":9},"end":{"line":159,"column":14}},{"start":{"line":159,"column":18},"end":{"line":159,"column":19}}],"line":159},"43":{"loc":{"start":{"line":168,"column":9},"end":{"line":168,"column":19}},"type":"binary-expr","locations":[{"start":{"line":168,"column":9},"end":{"line":168,"column":14}},{"start":{"line":168,"column":18},"end":{"line":168,"column":19}}],"line":168},"44":{"loc":{"start":{"line":177,"column":9},"end":{"line":177,"column":19}},"type":"binary-expr","locations":[{"start":{"line":177,"column":9},"end":{"line":177,"column":14}},{"start":{"line":177,"column":18},"end":{"line":177,"column":19}}],"line":177},"45":{"loc":{"start":{"line":181,"column":43},"end":{"line":181,"column":58}},"type":"default-arg","locations":[{"start":{"line":181,"column":56},"end":{"line":181,"column":58}}],"line":181},"46":{"loc":{"start":{"line":186,"column":2},"end":{"line":186,"column":68}},"type":"if","locations":[{"start":{"line":186,"column":2},"end":{"line":186,"column":68}},{"start":{},"end":{}}],"line":186},"47":{"loc":{"start":{"line":190,"column":3},"end":{"line":190,"column":13}},"type":"binary-expr","locations":[{"start":{"line":190,"column":3},"end":{"line":190,"column":7}},{"start":{"line":190,"column":11},"end":{"line":190,"column":13}}],"line":190},"48":{"loc":{"start":{"line":192,"column":4},"end":{"line":192,"column":
[...]
:72,"column":12}},"52":{"start":{"line":75,"column":25},"end":{"line":95,"column":1}},"53":{"start":{"line":76,"column":2},"end":{"line":78,"column":3}},"54":{"start":{"line":77,"column":4},"end":{"line":77,"column":80}},"55":{"start":{"line":79,"column":19},"end":{"line":79,"column":59}},"56":{"start":{"line":80,"column":2},"end":{"line":80,"column":43}},"57":{"start":{"line":80,"column":17},"end":{"line":80,"column":43}},"58":{"start":{"line":82,"column":18},"end":{"line":82,"column":68}},"59":{"start":{"line":83,"column":2},"end":{"line":85,"column":3}},"60":{"start":{"line":84,"column":4},"end":{"line":84,"column":93}},"61":{"start":{"line":87,"column":2},"end":{"line":90,"column":3}},"62":{"start":{"line":88,"column":18},"end":{"line":88,"column":59}},"63":{"start":{"line":89,"column":4},"end":{"line":89,"column":105}},"64":{"start":{"line":89,"column":28},"end":{"line":89,"column":105}},"65":{"start":{"line":92,"column":18},"end":{"line":92,"column":74}},"66":{"start":{"line":93,"column":2},"end":{"line":93,"column":15}},"67":{"start":{"line":94,"column":2},"end":{"line":94,"column":31}},"68":{"start":{"line":99,"column":24},"end":{"line":107,"column":1}},"69":{"start":{"line":100,"column":19},"end":{"line":100,"column":67}},"70":{"start":{"line":101,"column":2},"end":{"line":101,"column":43}},"71":{"start":{"line":101,"column":17},"end":{"line":101,"column":43}},"72":{"start":{"line":102,"column":19},"end":{"line":102,"column":42}},"73":{"start":{"line":103,"column":2},"end":{"line":103,"column":79}},"74":{"start":{"line":103,"column":23},"end":{"line":103,"column":79}},"75":{"start":{"line":105,"column":15},"end":{"line":105,"column":78}},"76":{"start":{"line":106,"column":2},"end":{"line":106,"column":18}}},"fnMap":{"0":{"name":"(anonymous_0)","decl":{"start":{"line":6,"column":29},"end":{"line":6,"column":30}},"loc":{"start":{"line":6,"column":42},"end":{"line":6,"column":78}},"line":6},"1":{"name":"(anonymous_1)","decl":{"start":{"line":8,"column":27},"end":{"line":8,"column":28}},"loc":{"start":{"line":8,"column":41},"end":{"line":13,"column":1}},"line":8},"2":{"name":"(anonymous_2)","decl":{"start":{"line":15,"column":30},"end":{"line":15,"column":31}},"loc":{"start":{"line":15,"column":55},"end":{"line":54,"column":1}},"line":15},"3":{"name":"(anonymous_3)","decl":{"start":{"line":56,"column":23},"end":{"line":56,"column":24}},"loc":{"start":{"line":56,"column":51},"end":{"line":65,"column":1}},"line":56},"4":{"name":"(anonymous_4)","decl":{"start":{"line":67,"column":26},"end":{"line":67,"column":27}},"loc":{"start":{"line":67,"column":56},"end":{"line":73,"column":1}},"line":67},"5":{"name":"(anonymous_5)","decl":{"start":{"line":75,"column":25},"end":{"line":75,"column":26}},"loc":{"start":{"line":75,"column":60},"end":{"line":95,"column":1}},"line":75},"6":{"name":"(anonymous_6)","decl":{"start":{"line":99,"column":24},"end":{"line":99,"column":25}},"loc":{"start":{"line":99,"column":69},"end":{"line":107,"column":1}},"line":99}},"branchMap":{"0":{"loc":{"start":{"line":10,"column":2},"end":{"line":10,"column":29}},"type":"if","locations":[{"start":{"line":10,"column":2},"end":{"line":10,"column":29}},{"start":{},"end":{}}],"line":10},"1":{"loc":{"start":{"line":16,"column":2},"end":{"line":16,"column":101}},"type":"if","locations":[{"start":{"line":16,"column":2},"end":{"line":16,"column":101}},{"start":{},"end":{}}],"line":16},"2":{"loc":{"start":{"line":17,"column":2},"end":{"line":17,"column":97}},"type":"if","locations":[{"start":{"line":17,"column":2},"end":{"line":17,"column":97}},{"start":{},"end":{}}],"line":17},"3":{"loc":{"start":{"line":18,"column":2},"end":{"line":20,"column":3}},"type":"if","locations":[{"start":{"line":18,"column":2},"end":{"line":20,"column":3}},{"start":{},"end":{}}],"line":18},"4":{"loc":{"start":{"line":18,"column":6},"end":{"line":18,"column":59}},"type":"binary-expr","locations":[{"start":{"line":18,"column":6},"end":{"line":18,"column":32}},{"start":{"line":18,"column":36},"end":{"line":18,"column":59}}],"line":18},"5":{"loc":{"start":{"line":22,"column":4},"end":{"line":22,"column":91}},"type":"if","locations":[{"start":{"line":22,"column":4},"end":{"line":22,"column":91}},{"start":{},"end":{}}],"line":22},"6":{"loc":{"start":{"line":23,"column":4},"end":{"line":23,"column":116}},"type":"if","locations":[{"start":{"line":23,"column":4},"end":{"line":23,"column":116}},{"start":{},"end":{}}],"line":23},"7":{"loc":{"start":{"line":30,"column":2},"end":{"line":30,"column":72}},"type":"if","locations":[{"start":{"line":30,"column":2},"end":{"line":30,"column":72}},{"start":{},"end":{}}],"line":30},"8":{"loc":{"start":{"line":31,"column":2},"end":{"line":31,"column":75}},"type":"if","locations":[{"start":{"line":31,"column":2},"end":{"line":31,"column":75}},{"start":{},"end":{}}],"line":31},"9":{"loc":{"start":{"line":32,"column":2},"end":{"line":37,"column":3}},"type":"if","locations":[{"start":{"line":32,"column":2},"end":{"line":37,"column":3}},{"start":{},"end":{}}],"line":32},"10":{"loc":{"start":{"line":33,"column":4},"end":{"line":34,"column":69}},"type":"binary-expr","locations":[{"start":{"line":33,"column":4},"end":{"line":33,"column":51}},{"start":{"line":34,"column":4},"end":{"line":34,"column":69}}],"line":33},"11":{"loc":{"start":{"line":34,"column":5},"end":{"line":34,"column":34}},"type":"binary-expr","locations":[{"start":{"line":34,"column":5},"end":{"line":34,"column":26}},{"start":{"line":34,"column":30},"end":{"line":34,"column":34}}],"line":34},"12":{"loc":{"start":{"line":34,"column":41},"end":{"line":34,"column":68}},"type":"binary-expr","locations":[{"start":{"line":34,"column":41},"end":{"line":34,"column":60}},{"start":{"line":34,"column":64},"end":{"line":34,"column":68}}],"line":34},"13":{"loc":{"start":{"line":41,"column":24},"end":{"line":41,"column":53}},"type":"binary-expr","locations":[{"start":{"line":41,"column":24},"end":{"line":41,"column":45}},{"start":{"line":41,"column":49},"end":{"line":41,"column":53}}],"line":41},"14":{"loc":{"start":{"line":43,"column":22},"end":{"line":43,"column":49}},"type":"binary-expr","locations":[{"start":{"line":43,"column":22},"end":{"line":43,"column":41}},{"start":{"line":43,"column":45},"end":{"line":43,"column":49}}],"line":43},"15":{"loc":{"start":{"line":44,"column":11},"end":{"line":44,"column":45}},"type":"binary-expr","locations":[{"start":{"line":44,"column":11},"end":{"line":44,"column":37}},{"start":{"line":44,"column":41},"end":{"line":44,"column":45}}],"line":44},"16":{"loc":{"start":{"line":58,"column":2},"end":{"line":58,"column":43}},"type":"if","locations":[{"start":{"line":58,"column":2},"end":{"line":58,"column":43}},{"start":{},"end":{}}],"line":58},"17":{"loc":{"start":{"line":59,"column":2},"end":{"line":59,"column":111}},"type":"if","locations":[{"start":{"line":59,"column":2},"end":{"line":59,"column":111}},{"start":{},"end":{}}],"line":59},"18":{"loc":{"start":{"line":60,"column":2},"end":{"line":60,"column":85}},"type":"if","locations":[{"start":{"line":60,"column":2},"end":{"line":60,"column":85}},{"start":{},"end":{}}],"line":60},"19":{"loc":{"start":{"line":61,"column":2},"end":{"line":61,"column":102}},"type":"if","locations":[{"start":{"line":61,"column":2},"end":{"line":61,"column":102}},{"start":{},"end":{}}],"line":61},"20":{"loc":{"start":{"line":69,"column":2},"end":{"line":69,"column":43}},"type":"if","locations":[{"start":{"line":69,"column":2},"end":{"line":69,"column":43}},{"start":{},"end":{}}],"line":69},"21":{"loc":{"start":{"line":70,"column":2},"end":{"line":70,"column":113}},"type":"if","locations":[{"start":{"line":70,"column":2},"end":{"line":70,"column":113}},{"start":{},"end":{}}],"line":70},"22":{"loc":{"start":{"line":76,"column":2},"end":{"line":78,"column":3}},"type":"if","locations":[{"start":{"line":76,"column":2},"end":{"line":78,"column":3}},{"start":{},"end":{}}],"line":76},"23":{"loc":{"start":{"line":80,"column":2},"end":{"line":80,"column":43}},"type":"if","locations":[{"start":{"line":80,"column":2},"end":{"line":80,"column":43}},{"start":{},"end":{}}],"line":80},"24":{"loc":{"start":{"line":82,"column":18},"end":{"line":82,"column":68}},"type":"binary-expr","locations":[{"start":{"line":82,"column":18},"end":{"line":82,"column":62}},{"start":{"line":82,"column":66},"end":{"line":82,"column":68}}],"line":82},"25":{"loc":{"start":{"line":83,"column":2},"end":{"line":85,"column":3}},"type":"if","locations":[{"start":{"line":83,"column":2},"end":{"line":85,"column":3}},{"start":{},"end":{}}],"line":83},"26":{"loc":{"start":{"line":87,"column":2},"end":{"line":90,"column":3}},"type":"if","locations":[{"start":{"line":87,"column":2},"end":{"line":90,"column":3}},{"start":{},"end":{}}],"line":87},"27":{"loc":{"start":{"line":89,"column":4},"end":{"line":89,"column":105}},"type":"if","locations":[{"start":{"line":89,"column":4},"end":{"line":89,"column":105}},{"start":{},"end":{}}],"line":89},"28":{"loc":{"start":{"line":101,"column":2},"end":{"line":101,"column":43}},"type":"if","locations":[{"start":{"line":101,"column":2},"end":{"line":101,"column":43}},{"start":{},"end":{}}],"line":101},"29":{"loc":{"start":{"line":103,"column":2},"end":{"line":103,"column":79}},"type":"if","locations":[{"start":{"line":103,"column":2},"end":{"line":103,"column":79}},{"start":{},"end":{}}],"line":103}},"s":{"0":2,"1":0,"2":2,"3":0,"4":0,"5":0,"6":0,"7":0,"8":2,"9":5,"10":0,"11":5,"12":0,"13":5,"14":1,"15":4,"16":4,"17":0,"18":4,"19":1,"20":3,"21":3,"22":0,"23":3,"24":1,"25":2,"26":1,"27":1,"28":1,"29":1,"30":1,"31":1,"32":2,"33":0,"34":0,"35":0,"36":0,"37":0,"38":0,"39":0,"40":0,"41":0,"42":0,"43":0,"44":2,"45":0,"46":0,"47":0,"48":0,"49":0,"50":0,"51":0,"52":2,"53":6,"54":1,"55":5,"56":5,"57":1,"58":4,"59":4,"60":1,"61":3,"62":2,"63":2,"64":1,"65":2,"66":2,"67":2,"68":2,"69":3,"70":3,"71":0,"72":3,"73":3,"74":1,"75":2,"76":1},"f":{"0":0,"1":0,"2":5,"3":0,"4":0,"5":6,"6":3},"b":{"0":[0,0],"1":[0,5],"2":[0,5],"3":[1,4],"4":[5,5],"5":[0,4],"6":[1,3],"7":[0,3],"8":[1,2],"9":[1,1],"10":[2,1],"11":[1,1],"12":[1,1],"13":[1,1],"14":[1,1],"15":[1,1],"16":[0,0],"17":[0,0],"18":[0,0],"19":[0,0],"20":[0,0],"21":[0,0],"22":[1,5],"23":[1,4],"24":[4,0],"25":[1,3],"26":[2,1],"27":[1,1],"28":[0,3],"29":[1,2]},"_coverageSchema":"1a1c01bbd47fc00a2c39e90264f33305004495a9","hash":"8741110273a68718724214899aa814d2935f9cea"}
,"C:\\Users\\DELL\\Documents\\tuwa\\tuwa\\server\\modules\\inventory\\services\\warehouseService.js": {"path":"C:\\Users\\DELL\\Documents\\tuwa\\tuwa\\server\\modules\\inventory\\services\\warehouseService.js","statementMap":{"0":{"start":{"line":4,"column":30},"end":{"line":4,"column":81}},"1":{"start":{"line":4,"column":43},"end":{"line":4,"column":81}},"2":{"start":{"line":6,"column":28},"end":{"line":6,"column":72}},"3":{"start":{"line":6,"column":36},"end":{"line":6,"column":72}},"4":{"start":{"line":8,"column":33},"end":{"line":17,"column":1}},"5":{"start":{"line":9,"column":2},"end":{"line":12,"column":3}},"6":{"start":{"line":10,"column":4},"end":{"line":10,"column":73}},"7":{"start":{"line":10,"column":36},"end":{"line":10,"column":73}},"8":{"start":{"line":11,"column":4},"end":{"line":11,"column":73}},"9":{"start":{"line":11,"column":36},"end":{"line":11,"column":73}},"10":{"start":{"line":13,"column":2},"end":{"line":15,"column":3}},"11":{"start":{"line":14,"column":4},"end":{"line":14,"column":52}},"12":{"start":{"line":16,"column":2},"end":{"line":16,"column":14}},"13":{"start":{"line":19,"column":21},"end":{"line":27,"column":1}},"14":{"start":{"line":20,"column":18},"end":{"line":20,"column":20}},"15":{"start":{"line":21,"column":2},"end":{"line":21,"column":86}},"16":{"start":{"line":21,"column":31},"end":{"line":21,"column":86}},"17":{"start":{"line":22,"column":2},"end":{"line":22,"column":72}},"18":{"start":{"line":22,"column":31},"end":{"line":22,"column":72}},"19":{"start":{"line":23,"column":2},"end":{"line":23,"column":78}},"20":{"start":{"line":23,"column":35},"end":{"line":23,"column":78}},"21":{"start":{"line":24,"column":2},"end":{"line":24,"column":110}},"22":{"start":{"line":24,"column":46},"end":{"line":24,"column":110}},"23":{"start":{"line":25,"column":2},"end":{"line":25,"column":101}},"24":{"start":{"line":25,"column":70},"end":{"line":25,"column":101}},"25":{"start":{"line":26,"column":2},"end":{"line":26,"column":17}},"26":{"start":{"line":29,"column":31},"end":{"line":39,"column":1}},"27":{"start":{"line":30,"column":16},"end":{"line":30,"column":46}},"28":{"start":{"line":31,"column":2},"end":{"line":31,"column":30}},"29":{"start":{"line":31,"column":13},"end":{"line":31,"column":30}},"30":{"start":{"line":33,"column":18},"end":{"line":33,"column":36}},"31":{"start":{"line":34,"column":2},"end":{"line":34,"column":48}},"32":{"start":{"line":34,"column":22},"end":{"line":34,"column":48}},"33":{"start":{"line":36,"column":20},"end":{"line":36,"column":65}},"34":{"start":{"line":37,"column":2},"end":{"line":37,"column":76}},"35":{"start":{"line":37,"column":22},"end":{"line":37,"column":76}},"36":{"start":{"line":38,"column":2},"end":{"line":38,"column":23}},"37":{"start":{"line":41,"column":31},"end":{"line":49,"column":1}},"38":{"start":{"line":42,"column":16},"end":{"line":42,"column":65}},"39":{"start":{"line":43,"column":2},"end":{"line":43,"column":30}},"40":{"start":{"line":43,"column":13},"end":{"line":43,"column":30}},"41":{"start":{"line":45,"column":18},"end":{"line":45,"column":36}},"42":{"start":{"line":46,"column":20},"end":{"line":46,"column":69}},"43":{"start":{"line":47,"column":2},"end":{"line":47,"column":44}},"44":{"start":{"line":47,"column":18},"end":{"line":47,"column":44}},"45":{"start":{"line":48,"column":2},"end":{"line":48,"column":23}},"46":{"start":{"line":56,"column":35},"end":{"line":63,"column":1}},"47":{"start":{"line":57,"column":20},"end":{"line":57,"column":62}},"48":{"start":{"line":58,"column":2},"end":{"line":58,"column":44}},"49":{"start":{"line":58,"column":18},"end":{"line":58,"column":44}},"50":{"start":{"line":60,"column":2},"end":{"line":60,"column":46}},"51":{"start":{"line":61,"column":18},"end":{"line":61,"column":80}},"52":{"start":{"line":62,"column":2},"end":{"line":62,"column":32}}},"fnMap":{"0":{"name":"(anonymous_0)","decl":{"start":{"line":4,"column":30},"end":{"line":4,"column":31}},"loc":{"start":{"line":4,"column":43},"end":{"line":4,"column":81}},"line":4},"1":{"name":"(anonymous_1)","decl":{"start":{"line":6,"column":28},"end":{"line":6,"column":29}},"loc":{"start":{"line":6,"column":36},"end":{"line":6,"column":72}},"line":6},"2":{"name":"(anonymous_2)","decl":{"start":{"line":8,"column":33},"end":{"line":8,"column":34}},"loc":{"start":{"line":8,"column":69},"end":{"line":17,"column":1}},"line":8},"3":{"name":"(anonymous_3)","decl":{"start":{"line":19,"column":21},"end":{"line":19,"column":22}},"loc":{"start":{"line":19,"column":31},"end":{"line":27,"column":1}},"line":19},"4":{"name":"(anonymous_4)","decl":{"start":{"line":29,"column":31},"end":{"line":29,"column":32}},"loc":{"start":{"line":29,"column":47},"end":{"line":39,"column":1}},"line":29},"5":{"name":"(anonymous_5)","decl":{"start":{"line":41,"column":31},"end":{"line":41,"column":32}},"loc":{"start":{"line":41,"column":51},"end":{"line":49,"column":1}},"line":41},"6":{"name":"(anonymous_6)","decl":{"start":{"line":56,"column":35},"end":{"line":56,"column":36}},"loc":{"start":{"line":56,"column":49},"end":{"line":63,"column":1}},"line":56}},"branchMap":{"0":{"loc":{"start":{"line":8,"column":40},"end":{"line":8,"column":64}},"type":"default-arg","locations":[{"start":{"line":8,"column":62},"end":{"line":8,"column":64}}],"line":8},"1":{"loc":{"start":{"line":8,"column":42},"end":{"line":8,"column":57}},"type":"default-arg","locations":[{"start":{"line":8,"column":52},"end":{"line":8,"column":57}}],"line":8},"2":{"loc":{"start":{"line":9,"column":2},"end":{"line":12,"column":3}},"type":"if","locations":[{"start":{"line":9,"column":2},"end":{"line":12,"column":3}},{"start":{},"end":{}}],"line":9},"3":{"loc":{"start":{"line":10,"column":4},"end":{"line":10,"column":73}},"type":"if","locations":[{"start":{"line":10,"column":4},"end":{"line":10,"column":73}},{"start":{},"end":{}}],"line":10},"4":{"loc":{"start":{"line":11,"column":4},"end":{"line":11,"column":73}},"type":"if","locations":[{"start":{"line":11,"column":4},"end":{"line":11,"column":73}},{"start":{},"end":{}}],"line":11},"5":{"loc":{"start":{"line":13,"column":2},"end":{"line":15,"column":3}},"type":"if","locations":[{"start":{"line":13,"column":2},"end":{"line":15,"column":3}},{"start":{},"end":{}}],"line":13},"6":{"loc":{"start":{"line":13,"column":6},"end":{"line":13,"column":98}},"type":"binary-expr","locations":[{"start":{"line":13,"column":6},"end":{"line":13,"column":44}},{"start":{"line":13,"column":48},"end":{"line":13,"column":98}}],"line":13},"7":{"loc":{"start":{"line":21,"column":2},"end":{"line":21,"column":86}},"type":"if","locations":[{"start":{"line":21,"column":2},"end":{"line":21,"column":86}},{"start":{},"end":{}}],"line":21},"8":{"loc":{"start":{"line":22,"column":2},"end":{"line":22,"column":72}},"type":"if","locations":[{"start":{"line":22,"column":2},"end":{"line":22,"column":72}},{"start":{},"end":{}}],"line":22},"9":{"loc":{"start":{"line":23,"column":2},"end":{"line":23,"column":78}},"type":"if","locations":[{"start":{"line":23,"column":2},"end":{"line":23,"column":78}},{"start":{},"end":{}}],"line":23},"10":{"loc":{"start":{"line":24,"column":2},"end":{"line":24,"column":110}},"type":"if","locations":[{"start":{"line":24,"column":2},"end":{"line":24,"column":110}},{"start":{},"end":{}}],"line":24},"11":{"loc":{"start":{"line":25,"column":2},"end":{"line":25,"column":101}},"type":"if","locations":[{"start":{"line":25,"column":2},"end":{"line":25,"column":101}},{"start":{},"end":{}}],"line":25},"12":{"loc":{"start":{"line":25,"column":6},"end":{"line":25,"column":68}},"type":"binary-expr","locations":[{"start":{"line":25,"column":6},"end":{"line":25,"column":32}},{"start":{"line":25,"column":36},"end":{"line":25,"column":68}}],"line":25},"13":{"loc":{"start":{"line":31,"column":2},"end":{"line":31,"column":30}},"type":"if","locations":[{"start":{"line":31,"column":2},"end":{"line":31,"column":30}},{"start":{},"end":{}}],"line":31},"14":{"loc":{"start":{"line":34,"column":2},"end":{"line":34,"column":48}},"type":"if","locations":[{"start":{"line":34,"column":2},"end":{"line":34,"column":48}},{"start":{},"end":{}}],"line":34},"15":{"loc":{"start":{"line":37,"column":2},"end":{"line":37,"column":76}},"type":"if","locations":[{"start":{"line":37,"column":2},"end":{"line":37,"column":76}},{"start":{},"end":{}}],"line":37},"16":{"loc":{"start":{"line":43,"column":2},"end":{"line":43,"column":30}},"type":"if","locations":[{"start":{"line":43,"column":2},"end":{"line":43,"column":30}},{"start":{},"end":{}}],"line":43},"17":{"loc":{"start":{"line":47,"column":2},"end":{"line":47,"column":44}},"type":"if","locations":[{"start":{"line":47,"column":2},"end":{"line":47,"column":44}},{"start":{},"end":{}}],"line":47},"18":{"loc":{"start":{"line":58,"column":2},"end":{"line":58,"column":44}},"type":"if","locations":[{"start":{"line":58,"column":2},"end":{"line":58,"column":44}},{"start":{},"end":{}}],"line":58}},"s":{"0":1,"1":0,"2":1,"3":0,"4":1,"5":0,"6":0,"7":0,"8":0,"9":0,"10":0,"11":0,"12":0,"13":1,"14":0,"15":0,"16":0,"17":0,"18":0,"19":0,"20":0,"21":0,"22":0,"23":0,"24":0,"25":0,"26":1,"27":0,"28":0,"29":0,"30":0,"31":0,"32":0,"33":0,"34":0,"35":0,"36":0,"37":1,"38":0,"39":0,"40":0,"41":0,"42":0,"43":0,"44":0,"45":0,"46":1,"47":0,"48":0,"49":0,"50":0,"51":0,"52":0},"f":{"0":0,"1":0,"2":0,"3":0,"4":0,"5":0,"6":0},"b":{"0":[0],"1":[0],"2":[0,0],"3":[0,0],"4":[0,0],"5":[0,0],"6":[0,0],"7":[0,0],"8":[0,0],"9":[0,0],"10":[0,0],"11":[0,0],"12":[0,0],"13":[0,0],"14":[0,0],"15":[0,0],"16":[0,0],"17":[0,0],"18":[0,0]},"_coverageSchema":"1a1c01bbd47fc00a2c39e90264f33305004495a9","hash":"465229a5d81c6321d0d9249eac4306b9c2b70b1c"}
}
