{"C:\\Users\\DELL\\Documents\\tuah\\tuah\\server\\modules\\inventory\\utils.js": {"path":"C:\\Users\\DELL\\Documents\\tuah\\tuah\\server\\modules\\inventory\\utils.js","statementMap":{"0":{"start":{"line":1,"column":16},"end":{"line":1,"column":81}},"1":{"start":{"line":3,"column":25},"end":{"line":3,"column":75}},"2":{"start":{"line":3,"column":33},"end":{"line":3,"column":75}},"3":{"start":{"line":5,"column":24},"end":{"line":9,"column":1}},"4":{"start":{"line":6,"column":2},"end":{"line":6,"column":72}},"5":{"start":{"line":6,"column":61},"end":{"line":6,"column":72}},"6":{"start":{"line":7,"column":15},"end":{"line":7,"column":28}},"7":{"start":{"line":8,"column":2},"end":{"line":8,"column":44}},"8":{"start":{"line":11,"column":30},"end":{"line":11,"column":91}},"9":{"start":{"line":11,"column":42},"end":{"line":11,"column":90}},"10":{"start":{"line":17,"column":30},"end":{"line":34,"column":1}},"11":{"start":{"line":36,"column":33},"end":{"line":46,"column":1}},"12":{"start":{"line":37,"column":18},"end":{"line":37,"column":65}},"13":{"start":{"line":38,"column":16},"end":{"line":38,"column":89}},"14":{"start":{"line":38,"column":65},"end":{"line":38,"column":88}},"15":{"start":{"line":39,"column":2},"end":{"line":41,"column":3}},"16":{"start":{"line":40,"column":4},"end":{"line":40,"column":112}},"17":{"start":{"line":42,"column":2},"end":{"line":42,"column":93}},"18":{"start":{"line":42,"column":31},"end":{"line":42,"column":93}},"19":{"start":{"line":43,"column":2},"end":{"line":43,"column":100}},"20":{"start":{"line":43,"column":31},"end":{"line":43,"column":100}},"21":{"start":{"line":44,"column":2},"end":{"line":44,"column":106}},"22":{"start":{"line":44,"column":31},"end":{"line":44,"column":106}},"23":{"start":{"line":45,"column":2},"end":{"line":45,"column":34}},"24":{"start":{"line":48,"column":34},"end":{"line":51,"column":1}},"25":{"start":{"line":49,"column":30},"end":{"line":49,"column":54}},"26":{"start":{"line":50,"column":2},"end":{"line":50,"column":90}}},"fnMap":{"0":{"name":"(anonymous_0)","decl":{"start":{"line":3,"column":25},"end":{"line":3,"column":26}},"loc":{"start":{"line":3,"column":33},"end":{"line":3,"column":75}},"line":3},"1":{"name":"(anonymous_1)","decl":{"start":{"line":5,"column":24},"end":{"line":5,"column":25}},"loc":{"start":{"line":5,"column":35},"end":{"line":9,"column":1}},"line":5},"2":{"name":"(anonymous_2)","decl":{"start":{"line":11,"column":30},"end":{"line":11,"column":31}},"loc":{"start":{"line":11,"column":42},"end":{"line":11,"column":90}},"line":11},"3":{"name":"(anonymous_3)","decl":{"start":{"line":36,"column":33},"end":{"line":36,"column":34}},"loc":{"start":{"line":36,"column":44},"end":{"line":46,"column":1}},"line":36},"4":{"name":"(anonymous_4)","decl":{"start":{"line":38,"column":56},"end":{"line":38,"column":57}},"loc":{"start":{"line":38,"column":65},"end":{"line":38,"column":88}},"line":38},"5":{"name":"(anonymous_5)","decl":{"start":{"line":48,"column":34},"end":{"line":48,"column":35}},"loc":{"start":{"line":48,"column":67},"end":{"line":51,"column":1}},"line":48}},"branchMap":{"0":{"loc":{"start":{"line":3,"column":33},"end":{"line":3,"column":75}},"type":"binary-expr","locations":[{"start":{"line":3,"column":33},"end":{"line":3,"column":55}},{"start":{"line":3,"column":59},"end":{"line":3,"column":75}}],"line":3},"1":{"loc":{"start":{"line":6,"column":2},"end":{"line":6,"column":72}},"type":"if","locations":[{"start":{"line":6,"column":2},"end":{"line":6,"column":72}},{"start":{},"end":{}}],"line":6},"2":{"loc":{"start":{"line":6,"column":6},"end":{"line":6,"column":59}},"type":"binary-expr","locations":[{"start":{"line":6,"column":6},"end":{"line":6,"column":18}},{"start":{"line":6,"column":22},"end":{"line":6,"column":36}},{"start":{"line":6,"column":40},"end":{"line":6,"column":59}}],"line":6},"3":{"loc":{"start":{"line":8,"column":9},"end":{"line":8,"column":43}},"type":"cond-expr","locations":[{"start":{"line":8,"column":33},"end":{"line":8,"column":37}},{"start":{"line":8,"column":40},"end":{"line":8,"column":43}}],"line":8},"4":{"loc":{"start":{"line":11,"column":42},"end":{"line":11,"column":90}},"type":"cond-expr","locations":[{"start":{"line":11,"column":70},"end":{"line":11,"column":82}},{"start":{"line":11,"column":85},"end":{"line":11,"column":90}}],"line":11},"5":{"loc":{"start":{"line":37,"column":18},"end":{"line":37,"column":65}},"type":"binary-expr","locations":[{"start":{"line":37,"column":18},"end":{"line":37,"column":32}},{"start":{"line":37,"column":36},"end":{"line":37,"column":65}}],"line":37},"6":{"loc":{"start":{"line":39,"column":2},"end":{"line":41,"column":3}},"type":"if","locations":[{"start":{"line":39,"column":2},"end":{"line":41,"column":3}},{"start":{},"end":{}}],"line":39},"7":{"loc":{"start":{"line":40,"column":60},"end":{"line":40,"column":109}},"type":"binary-expr","locations":[{"start":{"line":40,"column":60},"end":{"line":40,"column":98}},{"start":{"line":40,"column":102},"end":{"line":40,"column":109}}],"line":40},"8":{"loc":{"start":{"line":42,"column":2},"end":{"line":42,"column":93}},"type":"if","locations":[{"start":{"line":42,"column":2},"end":{"line":42,"column":93}},{"start":{},"end":{}}],"line":42},"9":{"loc":{"start":{"line":43,"column":2},"end":{"line":43,"column":100}},"type":"if","locations":[{"start":{"line":43,"column":2},"end":{"line":43,"column":100}},{"start":{},"end":{}}],"line":43},"10":{"loc":{"start":{"line":44,"column":2},"end":{"line":44,"column":106}},"type":"if","locations":[{"start":{"line":44,"column":2},"end":{"line":44,"column":106}},{"start":{},"end":{}}],"line":44},"11":{"loc":{"start":{"line":50,"column":60},"end":{"line":50,"column":86}},"type":"binary-expr","locations":[{"start":{"line":50,"column":60},"end":{"line":50,"column":67}},{"start":{"line":50,"column":71},"end":{"line":50,"column":86}}],"line":50}},"s":{"0":1,"1":1,"2":24,"3":1,"4":9,"5":0,"6":9,"7":9,"8":1,"9":4,"10":1,"11":1,"12":0,"13":0,"14":0,"15":0,"16":0,"17":0,"18":0,"19":0,"20":0,"21":0,"22":0,"23":0,"24":1,"25":0,"26":0},"f":{"0":24,"1":9,"2":4,"3":0,"4":0,"5":0},"b":{"0":[24,24],"1":[0,9],"2":[9,9,9],"3":[7,2],"4":[3,1],"5":[0,0],"6":[0,0],"7":[0,0],"8":[0,0],"9":[0,0],"10":[0,0],"11":[0,0]},"_coverageSchema":"1a1c01bbd47fc00a2c39e90264f33305004495a9","hash":"02597460585d69289b3db2dd1af3ef1f90a6caeb"}
,"C:\\Users\\DELL\\Documents\\tuah\\tuah\\server\\modules\\inventory\\services\\reservationService.js": {"path":"C:\\Users\\DELL\\Documents\\tuah\\tuah\\server\\modules\\inventory\\services\\reservationService.js","statementMap":{"0":{"start":{"line":4,"column":32},"end":{"line":4,"column":87}},"1":{"start":{"line":4,"column":45},"end":{"line":4,"column":87}},"2":{"start":{"line":6,"column":28},"end":{"line":24,"column":1}},"3":{"start":{"line":7,"column":2},"end":{"line":7,"column":85}},"4":{"start":{"line":7,"column":34},"end":{"line":7,"column":85}},"5":{"start":{"line":8,"column":2},"end":{"line":8,"column":87}},"6":{"start":{"line":8,"column":35},"end":{"line":8,"column":87}},"7":{"start":{"line":9,"column":19},"end":{"line":9,"column":42}},"8":{"start":{"line":10,"column":2},"end":{"line":10,"column":79}},"9":{"start":{"line":10,"column":23},"end":{"line":10,"column":79}},"10":{"start":{"line":11,"column":24},"end":{"line":11,"column":58}},"11":{"start":{"line":12,"column":2},"end":{"line":12,"column":84}},"12":{"start":{"line":12,"column":22},"end":{"line":12,"column":84}},"13":{"start":{"line":13,"column":2},"end":{"line":13,"column":89}},"14":{"start":{"line":13,"column":36},"end":{"line":13,"column":89}},"15":{"start":{"line":15,"column":22},"end":{"line":22,"column":4}},"16":{"start":{"line":23,"column":2},"end":{"line":23,"column":25}},"17":{"start":{"line":26,"column":34},"end":{"line":29,"column":1}},"18":{"start":{"line":27,"column":22},"end":{"line":27,"column":76}},"19":{"start":{"line":28,"column":2},"end":{"line":28,"column":25}},"20":{"start":{"line":31,"column":34},"end":{"line":40,"column":1}},"21":{"start":{"line":32,"column":22},"end":{"line":38,"column":4}},"22":{"start":{"line":39,"column":2},"end":{"line":39,"column":25}}},"fnMap":{"0":{"name":"(anonymous_0)","decl":{"start":{"line":4,"column":32},"end":{"line":4,"column":33}},"loc":{"start":{"line":4,"column":45},"end":{"line":4,"column":87}},"line":4},"1":{"name":"(anonymous_1)","decl":{"start":{"line":6,"column":28},"end":{"line":6,"column":29}},"loc":{"start":{"line":6,"column":53},"end":{"line":24,"column":1}},"line":6},"2":{"name":"(anonymous_2)","decl":{"start":{"line":26,"column":34},"end":{"line":26,"column":35}},"loc":{"start":{"line":26,"column":57},"end":{"line":29,"column":1}},"line":26},"3":{"name":"(anonymous_3)","decl":{"start":{"line":31,"column":34},"end":{"line":31,"column":35}},"loc":{"start":{"line":31,"column":63},"end":{"line":40,"column":1}},"line":31}},"branchMap":{"0":{"loc":{"start":{"line":7,"column":2},"end":{"line":7,"column":85}},"type":"if","locations":[{"start":{"line":7,"column":2},"end":{"line":7,"column":85}},{"start":{},"end":{}}],"line":7},"1":{"loc":{"start":{"line":8,"column":2},"end":{"line":8,"column":87}},"type":"if","locations":[{"start":{"line":8,"column":2},"end":{"line":8,"column":87}},{"start":{},"end":{}}],"line":8},"2":{"loc":{"start":{"line":10,"column":2},"end":{"line":10,"column":79}},"type":"if","locations":[{"start":{"line":10,"column":2},"end":{"line":10,"column":79}},{"start":{},"end":{}}],"line":10},"3":{"loc":{"start":{"line":12,"column":2},"end":{"line":12,"column":84}},"type":"if","locations":[{"start":{"line":12,"column":2},"end":{"line":12,"column":84}},{"start":{},"end":{}}],"line":12},"4":{"loc":{"start":{"line":13,"column":2},"end":{"line":13,"column":89}},"type":"if","locations":[{"start":{"line":13,"column":2},"end":{"line":13,"column":89}},{"start":{},"end":{}}],"line":13},"5":{"loc":{"start":{"line":33,"column":18},"end":{"line":33,"column":55}},"type":"binary-expr","locations":[{"start":{"line":33,"column":18},"end":{"line":33,"column":35}},{"start":{"line":33,"column":39},"end":{"line":33,"column":55}}],"line":33}},"s":{"0":1,"1":0,"2":1,"3":11,"4":1,"5":10,"6":1,"7":9,"8":9,"9":5,"10":4,"11":4,"12":1,"13":3,"14":1,"15":2,"16":1,"17":1,"18":2,"19":1,"20":1,"21":2,"22":2},"f":{"0":0,"1":11,"2":2,"3":2},"b":{"0":[1,10],"1":[1,9],"2":[5,4],"3":[1,3],"4":[1,2],"5":[2,1]},"_coverageSchema":"1a1c01bbd47fc00a2c39e90264f33305004495a9","hash":"5aaf31e7a81e5ccd62f25066d4859151cde43019"}
}
