TN:
SF:modules\inventory\utils.js
FN:3,(anonymous_0)
FN:5,(anonymous_1)
FN:11,(anonymous_2)
FN:36,(anonymous_3)
FN:38,(anonymous_4)
FN:48,(anonymous_5)
FNF:6
FNH:3
FNDA:24,(anonymous_0)
FNDA:9,(anonymous_1)
FNDA:4,(anonymous_2)
FNDA:0,(anonymous_3)
FNDA:0,(anonymous_4)
FNDA:0,(anonymous_5)
DA:1,1
DA:3,24
DA:5,1
DA:6,9
DA:7,9
DA:8,9
DA:11,4
DA:17,1
DA:36,1
DA:37,0
DA:38,0
DA:39,0
DA:40,0
DA:42,0
DA:43,0
DA:44,0
DA:45,0
DA:48,1
DA:49,0
DA:50,0
LF:20
LH:10
BRDA:3,0,0,24
BRDA:3,0,1,24
BRDA:6,1,0,0
BRDA:6,1,1,9
BRDA:6,2,0,9
BRDA:6,2,1,9
BRDA:6,2,2,9
BRDA:8,3,0,7
BRDA:8,3,1,2
BRDA:11,4,0,3
BRDA:11,4,1,1
BRDA:37,5,0,0
BRDA:37,5,1,0
BRDA:39,6,0,0
BRDA:39,6,1,0
BRDA:40,7,0,0
BRDA:40,7,1,0
BRDA:42,8,0,0
BRDA:42,8,1,0
BRDA:43,9,0,0
BRDA:43,9,1,0
BRDA:44,10,0,0
BRDA:44,10,1,0
BRDA:50,11,0,0
BRDA:50,11,1,0
BRF:25
BRH:10
end_of_record
TN:
SF:modules\inventory\services\reservationService.js
FN:4,(anonymous_0)
FN:6,(anonymous_1)
FN:26,(anonymous_2)
FN:31,(anonymous_3)
FNF:4
FNH:3
FNDA:0,(anonymous_0)
FNDA:11,(anonymous_1)
FNDA:2,(anonymous_2)
FNDA:2,(anonymous_3)
DA:4,1
DA:6,1
DA:7,11
DA:8,10
DA:9,9
DA:10,9
DA:11,4
DA:12,4
DA:13,3
DA:15,2
DA:23,1
DA:26,1
DA:27,2
DA:28,1
DA:31,1
DA:32,2
DA:39,2
LF:17
LH:17
BRDA:7,0,0,1
BRDA:7,0,1,10
BRDA:8,1,0,1
BRDA:8,1,1,9
BRDA:10,2,0,5
BRDA:10,2,1,4
BRDA:12,3,0,1
BRDA:12,3,1,3
BRDA:13,4,0,1
BRDA:13,4,1,2
BRDA:33,5,0,2
BRDA:33,5,1,1
BRF:12
BRH:12
end_of_record
